#
# A fatal error has been detected by the Java Runtime Environment:
#
#  EXCEPTION_ACCESS_VIOLATION (0xc0000005) at pc=0x000000006d8c8596, pid=640, tid=9412
#
# JRE version: Java(TM) SE Runtime Environment (10.0.2+13) (build 10.0.2+13)
# Java VM: Java HotSpot(TM) 64-Bit Server VM (10.0.2+13, mixed mode, tiered, compressed oops, g1 gc, windows-amd64)
# Problematic frame:
# V  [jvm.dll+0x3d8596]
#
# No core dump will be written. Minidumps are not enabled by default on client versions of Windows
#
# If you would like to submit a bug report, please visit:
#   http://bugreport.java.com/bugreport/crash.jsp
#

---------------  S U M M A R Y ------------

Command Line: -Dfile.encoding=Cp1252 --module-path=C:\Users\Tom Laptop\eclipse-workspace\Sagrada SOaS\lib\mysql-connector-java-8.0.15.jar controllers.MainApplication

Host: Intel(R) Core(TM) i7-8550U CPU @ 1.80GHz, 8 cores, 15G,  Windows 10 , 64 bit Build 17763 (10.0.17763.437)
Time: Thu May 23 12:20:13 2019 W. Europe Summer Time elapsed time: 2 seconds (0d 0h 0m 2s)

---------------  T H R E A D  ---------------

Current thread (0x0000021cc4276800):  JavaThread "JavaFX Application Thread" [_thread_in_vm, id=9412, stack(0x000000238e100000,0x000000238e200000)]

Stack: [0x000000238e100000,0x000000238e200000],  sp=0x000000238e1fc240,  free space=1008k
Native frames: (J=compiled Java code, j=interpreted, Vv=VM code, C=native code)
V  [jvm.dll+0x3d8596]
V  [jvm.dll+0x3bb35e]
V  [jvm.dll+0x3b2cfa]
C  [glass.dll+0x4f4c]

Java frames: (J=compiled Java code, j=interpreted, Vv=VM code)
j  com.sun.glass.ui.win.WinView._enterFullscreen(JZZZ)Z+0 javafx.graphics@10.0.2
j  com.sun.glass.ui.View.enterFullscreen(ZZZ)Z+15 javafx.graphics@10.0.2
j  com.sun.javafx.tk.quantum.WindowStage.applyFullScreen()V+77 javafx.graphics@10.0.2
j  com.sun.javafx.tk.quantum.WindowStage.setFullScreen(Z)V+50 javafx.graphics@10.0.2
j  javafx.stage.Stage.doVisibleChanged(Z)V+34 javafx.graphics@10.0.2
j  javafx.stage.Stage.access$200(Ljavafx/stage/Stage;Z)V+2 javafx.graphics@10.0.2
j  javafx.stage.Stage$1.doVisibleChanged(Ljavafx/stage/Window;Z)V+5 javafx.graphics@10.0.2
j  com.sun.javafx.stage.StageHelper.visibleChangedImpl(Ljavafx/stage/Window;Z)V+11 javafx.graphics@10.0.2
j  com.sun.javafx.stage.WindowHelper.visibleChanged(Ljavafx/stage/Window;Z)V+6 javafx.graphics@10.0.2
j  javafx.stage.Window$12.invalidated()V+640 javafx.graphics@10.0.2
j  javafx.beans.property.BooleanPropertyBase.markInvalid()V+13 javafx.base@10.0.2
j  javafx.beans.property.BooleanPropertyBase.set(Z)V+72 javafx.base@10.0.2
j  javafx.stage.Window.setShowing(Z)V+11 javafx.graphics@10.0.2
j  javafx.stage.Window.show()V+2 javafx.graphics@10.0.2
j  javafx.stage.Stage.show()V+1 javafx.graphics@10.0.2
j  controllers.MainApplication.start(Ljavafx/stage/Stage;)V+37
j  com.sun.javafx.application.LauncherImpl.lambda$launchApplication1$9(Ljava/util/concurrent/atomic/AtomicBoolean;Ljavafx/application/Application;)V+20 javafx.graphics@10.0.2
j  com.sun.javafx.application.LauncherImpl$$Lambda$102.run()V+8 javafx.graphics@10.0.2
j  com.sun.javafx.application.PlatformImpl.lambda$runAndWait$11(Ljava/lang/Runnable;Ljava/util/concurrent/CountDownLatch;)V+1 javafx.graphics@10.0.2
j  com.sun.javafx.application.PlatformImpl$$Lambda$95.run()V+8 javafx.graphics@10.0.2
j  com.sun.javafx.application.PlatformImpl.lambda$runLater$9(Ljava/lang/Runnable;)Ljava/lang/Void;+1 javafx.graphics@10.0.2
j  com.sun.javafx.application.PlatformImpl$$Lambda$97.run()Ljava/lang/Object;+4 javafx.graphics@10.0.2
v  ~StubRoutines::call_stub
j  java.security.AccessController.doPrivileged(Ljava/security/PrivilegedAction;Ljava/security/AccessControlContext;)Ljava/lang/Object;+0 java.base@10.0.2
j  com.sun.javafx.application.PlatformImpl.lambda$runLater$10(Ljava/lang/Runnable;Ljava/security/AccessControlContext;)V+7 javafx.graphics@10.0.2
j  com.sun.javafx.application.PlatformImpl$$Lambda$96.run()V+8 javafx.graphics@10.0.2
j  com.sun.glass.ui.InvokeLaterDispatcher$Future.run()V+4 javafx.graphics@10.0.2
v  ~StubRoutines::call_stub
j  com.sun.glass.ui.win.WinApplication._runLoop(Ljava/lang/Runnable;)V+0 javafx.graphics@10.0.2
j  com.sun.glass.ui.win.WinApplication.lambda$runLoop$3(ILjava/lang/Runnable;)V+8 javafx.graphics@10.0.2
j  com.sun.glass.ui.win.WinApplication$$Lambda$85.run()V+12 javafx.graphics@10.0.2
j  java.lang.Thread.run()V+11 java.base@10.0.2
v  ~StubRoutines::call_stub

siginfo: EXCEPTION_ACCESS_VIOLATION (0xc0000005), reading address 0xffffffffffffffff


Register to memory mapping:

RIP=0x000000006d8c8596 jvm.dll
RAX=0x000000238e1fc460 is pointing into the stack for thread: 0x0000021cc4276800
RBX=0x0000021cc4276800 is a thread
RCX=0x6972702e6c706d69 is an unknown value
RDX=0x000000238e1fc430 is pointing into the stack for thread: 0x0000021cc4276800
RSP=0x000000238e1fc240 is pointing into the stack for thread: 0x0000021cc4276800
RBP=0x000000238e1fc370 is pointing into the stack for thread: 0x0000021cc4276800
RSI=0x0000000000000001 is an unknown value
RDI=0x0000021cc42d08f8 is an unknown value
R8 =0x6972702e6c706d69 is an unknown value
R9 =0x0000000000000001 is an unknown value
R10=0x0000000000000000 is an unknown value
R11=0x0000000000000246 is an unknown value
R12=0x000000238e1fc430 is pointing into the stack for thread: 0x0000021cc4276800
R13=0x0000000000000401 is an unknown value
R14=0x0000021cc4276800 is a thread
R15=0x0000000000000000 is an unknown value


Registers:
RAX=0x000000238e1fc460, RBX=0x0000021cc4276800, RCX=0x6972702e6c706d69, RDX=0x000000238e1fc430
RSP=0x000000238e1fc240, RBP=0x000000238e1fc370, RSI=0x0000000000000001, RDI=0x0000021cc42d08f8
R8 =0x6972702e6c706d69, R9 =0x0000000000000001, R10=0x0000000000000000, R11=0x0000000000000246
R12=0x000000238e1fc430, R13=0x0000000000000401, R14=0x0000021cc4276800, R15=0x0000000000000000
RIP=0x000000006d8c8596, EFLAGS=0x0000000000010202

Top of Stack: (sp=0x000000238e1fc240)
0x000000238e1fc240:   0000d23ce0e2ef42 0000000000000000
0x000000238e1fc250:   00007ff97fe017e0 0000000000000000
0x000000238e1fc260:   0000021cc4276800 000000006d8ab35e
0x000000238e1fc270:   00007ff97fe017e0 00007ff9abe5c78c
0x000000238e1fc280:   00000000c0000388 00007ff97fe017e0
0x000000238e1fc290:   0000000000000000 0000000000000000
0x000000238e1fc2a0:   0000000000000000 0000000000000000
0x000000238e1fc2b0:   0000000040000000 00007ff9abe5c78c
0x000000238e1fc2c0:   0000021cc4276a70 000000238e1fc460
0x000000238e1fc2d0:   0000000000110534 0000000080000000
0x000000238e1fc2e0:   0000000000000000 000000238e1fc3f0
0x000000238e1fc2f0:   0000000000000000 0000000000000001
0x000000238e1fc300:   0000000000000000 0000000000000000
0x000000238e1fc310:   0000000000000000 00007ff9abe77397
0x000000238e1fc320:   0000000000000000 0000000000000000
0x000000238e1fc330:   0000000000000000 00007ff9abe6fa9a 

Instructions: (pc=0x000000006d8c8596)
0x000000006d8c8576:   00 74 08 48 8b cb e8 1f 72 f2 ff 48 8b c3 48 83
0x000000006d8c8586:   c4 20 5b c3 cc cc cc cc cc cc 40 53 48 83 ec 20
0x000000006d8c8596:   48 8b 59 ff 48 85 db 74 11 80 3d 9a 2a 5c 00 00
0x000000006d8c85a6:   74 08 48 8b cb e8 f0 71 f2 ff 48 8b c3 48 83 c4 



---------------  P R O C E S S  ---------------

Threads class SMR info:
_java_thread_list=0x0000021ccefb5fd0, length=21, elements={
0x0000021ca0315000, 0x0000021cc3974000, 0x0000021cc397d000, 0x0000021cc3991800,
0x0000021cc3992800, 0x0000021cc3993000, 0x0000021cc3996800, 0x0000021cc39a3800,
0x0000021cc39a1000, 0x0000021cc39b4800, 0x0000021cc3915800, 0x0000021cc3b95800,
0x0000021cc40c1800, 0x0000021cc43ee000, 0x0000021cc4276800, 0x0000021cc4dea800,
0x0000021cc3ee7800, 0x0000021cc516e000, 0x0000021cc413d800, 0x0000021cc44e4800,
0x0000021cc40fd800
}

Java Threads: ( => current thread )
  0x0000021ca0315000 JavaThread "main" [_thread_blocked, id=4460, stack(0x000000238bd00000,0x000000238be00000)]
  0x0000021cc3974000 JavaThread "Reference Handler" daemon [_thread_blocked, id=10288, stack(0x000000238d300000,0x000000238d400000)]
  0x0000021cc397d000 JavaThread "Finalizer" daemon [_thread_blocked, id=14668, stack(0x000000238d400000,0x000000238d500000)]
  0x0000021cc3991800 JavaThread "Signal Dispatcher" daemon [_thread_blocked, id=420, stack(0x000000238d500000,0x000000238d600000)]
  0x0000021cc3992800 JavaThread "Attach Listener" daemon [_thread_blocked, id=10712, stack(0x000000238d600000,0x000000238d700000)]
  0x0000021cc3993000 JavaThread "C2 CompilerThread0" daemon [_thread_blocked, id=13804, stack(0x000000238d700000,0x000000238d800000)]
  0x0000021cc3996800 JavaThread "C2 CompilerThread1" daemon [_thread_blocked, id=8776, stack(0x000000238d800000,0x000000238d900000)]
  0x0000021cc39a3800 JavaThread "C2 CompilerThread2" daemon [_thread_blocked, id=9924, stack(0x000000238d900000,0x000000238da00000)]
  0x0000021cc39a1000 JavaThread "C1 CompilerThread3" daemon [_thread_blocked, id=15304, stack(0x000000238da00000,0x000000238db00000)]
  0x0000021cc39b4800 JavaThread "Sweeper thread" daemon [_thread_blocked, id=5492, stack(0x000000238db00000,0x000000238dc00000)]
  0x0000021cc3915800 JavaThread "Common-Cleaner" daemon [_thread_blocked, id=14520, stack(0x000000238dc00000,0x000000238dd00000)]
  0x0000021cc3b95800 JavaThread "Service Thread" daemon [_thread_blocked, id=8508, stack(0x000000238dd00000,0x000000238de00000)]
  0x0000021cc40c1800 JavaThread "QuantumRenderer-0" daemon [_thread_blocked, id=13328, stack(0x000000238df00000,0x000000238e000000)]
  0x0000021cc43ee000 JavaThread "InvokeLaterDispatcher" daemon [_thread_blocked, id=15516, stack(0x000000238e000000,0x000000238e100000)]
=>0x0000021cc4276800 JavaThread "JavaFX Application Thread" [_thread_in_vm, id=9412, stack(0x000000238e100000,0x000000238e200000)]
  0x0000021cc4dea800 JavaThread "JavaFX-Launcher" [_thread_blocked, id=10652, stack(0x000000238e600000,0x000000238e700000)]
  0x0000021cc3ee7800 JavaThread "Thread-2" daemon [_thread_in_native, id=3196, stack(0x000000238e500000,0x000000238e600000)]
  0x0000021cc516e000 JavaThread "mysql-cj-abandoned-connection-cleanup" daemon [_thread_blocked, id=1688, stack(0x000000238e700000,0x000000238e800000)]
  0x0000021cc413d800 JavaThread "Java2D Disposer" daemon [_thread_blocked, id=15036, stack(0x000000238e800000,0x000000238e900000)]
  0x0000021cc44e4800 JavaThread "Prism Font Disposer" daemon [_thread_blocked, id=2532, stack(0x000000238ec00000,0x000000238ed00000)]
  0x0000021cc40fd800 JavaThread "Cleaner-0" daemon [_thread_blocked, id=16664, stack(0x000000238ee00000,0x000000238ef00000)]

Other Threads:
  0x0000021cc3942800 VMThread "VM Thread" [stack: 0x000000238d200000,0x000000238d300000] [id=16676]
  0x0000021cc3f84000 WatcherThread [stack: 0x000000238de00000,0x000000238df00000] [id=15808]
  0x0000021ca0331000 GCTaskThread "GC Thread#0" [stack: 0x000000238be00000,0x000000238bf00000] [id=8680]
  0x0000021ca0332000 GCTaskThread "GC Thread#1" [stack: 0x000000238bf00000,0x000000238c000000] [id=9272]
  0x0000021ca0335000 GCTaskThread "GC Thread#2" [stack: 0x000000238c000000,0x000000238c100000] [id=1328]
  0x0000021ca0338000 GCTaskThread "GC Thread#3" [stack: 0x000000238c100000,0x000000238c200000] [id=15652]
  0x0000021ca033d800 GCTaskThread "GC Thread#4" [stack: 0x000000238c200000,0x000000238c300000] [id=668]
  0x0000021ca033e000 GCTaskThread "GC Thread#5" [stack: 0x000000238c300000,0x000000238c400000] [id=14676]
  0x0000021ca0338800 GCTaskThread "GC Thread#6" [stack: 0x000000238c400000,0x000000238c500000] [id=15520]
  0x0000021ca033e800 GCTaskThread "GC Thread#7" [stack: 0x000000238c500000,0x000000238c600000] [id=10640]
  0x0000021ca0397800 ConcurrentGCThread "G1 Main Marker" [stack: 0x000000238c600000,0x000000238c700000] [id=4524]
  0x0000021ca0339800 ConcurrentGCThread "G1 Conc#0" [stack: 0x000000238c700000,0x000000238c800000] [id=12300]
  0x0000021ca033a000 ConcurrentGCThread "G1 Conc#1" [stack: 0x000000238c800000,0x000000238c900000] [id=6260]
  0x0000021ca03ee000 ConcurrentGCThread "G1 Refine#0" [stack: 0x000000238c900000,0x000000238ca00000] [id=14032]
  0x0000021ca03ee800 ConcurrentGCThread "G1 Refine#1" [stack: 0x000000238ca00000,0x000000238cb00000] [id=16080]
  0x0000021cc0650800 ConcurrentGCThread "G1 Refine#2" [stack: 0x000000238cb00000,0x000000238cc00000] [id=14780]
  0x0000021cc0653000 ConcurrentGCThread "G1 Refine#3" [stack: 0x000000238cc00000,0x000000238cd00000] [id=4332]
  0x0000021cc0656000 ConcurrentGCThread "G1 Refine#4" [stack: 0x000000238cd00000,0x000000238ce00000] [id=9964]
  0x0000021cc0658800 ConcurrentGCThread "G1 Refine#5" [stack: 0x000000238ce00000,0x000000238cf00000] [id=10092]
  0x0000021cc0662800 ConcurrentGCThread "G1 Refine#6" [stack: 0x000000238cf00000,0x000000238d000000] [id=2660]
  0x0000021cc0665000 ConcurrentGCThread "G1 Refine#7" [stack: 0x000000238d000000,0x000000238d100000] [id=6524]
  0x0000021cc0676000 ConcurrentGCThread "G1 Young RemSet Sampling" [stack: 0x000000238d100000,0x000000238d200000] [id=14596]

Threads with active compile tasks:

VM state:not at safepoint (normal execution)

VM Mutex/Monitor currently owned by a thread: None

Heap address: 0x00000006c1c00000, size: 4068 MB, Compressed Oops mode: Zero based, Oop shift amount: 3
Narrow klass base: 0x0000000000000000, Narrow klass shift: 3
Compressed class space size: 1073741824 Address: 0x00000007c0000000

Heap:
 garbage-first heap   total 262144K, used 29837K [0x00000006c1c00000, 0x00000007c0000000)
  region size 1024K, 27 young (27648K), 6 survivors (6144K)
 Metaspace       used 25776K, capacity 26597K, committed 26880K, reserved 1073152K
  class space    used 3381K, capacity 3800K, committed 3840K, reserved 1048576K
Heap Regions: E=young(eden), S=young(survivor), O=old, HS=humongous(starts), HC=humongous(continues), CS=collection set, F=free, A=archive, TS=gc time stamp, AC=allocation context, TAMS=top-at-mark-start (previous, next)
|   0|0x00000006c1c00000, 0x00000006c1d00000, 0x00000006c1d00000|100%| O|  |TS  0|AC  0|TAMS 0x00000006c1d00000, 0x00000006c1d00000|
|   1|0x00000006c1d00000, 0x00000006c1de3200, 0x00000006c1e00000| 88%| O|  |TS  0|AC  0|TAMS 0x00000006c1de3200, 0x00000006c1de3200|
|   2|0x00000006c1e00000, 0x00000006c1f00000, 0x00000006c1f00000|100%|HS|  |TS  0|AC  0|TAMS 0x00000006c1e00000, 0x00000006c1e00000|
|   3|0x00000006c1f00000, 0x00000006c2000000, 0x00000006c2000000|100%|HC|  |TS  0|AC  0|TAMS 0x00000006c1f00000, 0x00000006c1f00000|
|   4|0x00000006c2000000, 0x00000006c2000000, 0x00000006c2100000|  0%| F|  |TS  0|AC  0|TAMS 0x00000006c2000000, 0x00000006c2000000|
|   5|0x00000006c2100000, 0x00000006c2100000, 0x00000006c2200000|  0%| F|  |TS  0|AC  0|TAMS 0x00000006c2100000, 0x00000006c2100000|
|   6|0x00000006c2200000, 0x00000006c2200000, 0x00000006c2300000|  0%| F|  |TS  0|AC  0|TAMS 0x00000006c2200000, 0x00000006c2200000|
|   7|0x00000006c2300000, 0x00000006c2300000, 0x00000006c2400000|  0%| F|  |TS  0|AC  0|TAMS 0x00000006c2300000, 0x00000006c2300000|
|   8|0x00000006c2400000, 0x00000006c2400000, 0x00000006c2500000|  0%| F|  |TS  0|AC  0|TAMS 0x00000006c2400000, 0x00000006c2400000|
|   9|0x00000006c2500000, 0x00000006c2500000, 0x00000006c2600000|  0%| F|  |TS  0|AC  0|TAMS 0x00000006c2500000, 0x00000006c2500000|
|  10|0x00000006c2600000, 0x00000006c2600000, 0x00000006c2700000|  0%| F|  |TS  0|AC  0|TAMS 0x00000006c2600000, 0x00000006c2600000|
|  11|0x00000006c2700000, 0x00000006c2700000, 0x00000006c2800000|  0%| F|  |TS  0|AC  0|TAMS 0x00000006c2700000, 0x00000006c2700000|
|  12|0x00000006c2800000, 0x00000006c2800000, 0x00000006c2900000|  0%| F|  |TS  0|AC  0|TAMS 0x00000006c2800000, 0x00000006c2800000|
|  13|0x00000006c2900000, 0x00000006c2900000, 0x00000006c2a00000|  0%| F|  |TS  0|AC  0|TAMS 0x00000006c2900000, 0x00000006c2900000|
|  14|0x00000006c2a00000, 0x00000006c2a00000, 0x00000006c2b00000|  0%| F|  |TS  0|AC  0|TAMS 0x00000006c2a00000, 0x00000006c2a00000|
|  15|0x00000006c2b00000, 0x00000006c2b00000, 0x00000006c2c00000|  0%| F|  |TS  0|AC  0|TAMS 0x00000006c2b00000, 0x00000006c2b00000|
|  16|0x00000006c2c00000, 0x00000006c2c00000, 0x00000006c2d00000|  0%| F|  |TS  0|AC  0|TAMS 0x00000006c2c00000, 0x00000006c2c00000|
|  17|0x00000006c2d00000, 0x00000006c2d00000, 0x00000006c2e00000|  0%| F|  |TS  0|AC  0|TAMS 0x00000006c2d00000, 0x00000006c2d00000|
|  18|0x00000006c2e00000, 0x00000006c2e00000, 0x00000006c2f00000|  0%| F|  |TS  0|AC  0|TAMS 0x00000006c2e00000, 0x00000006c2e00000|
|  19|0x00000006c2f00000, 0x00000006c2f00000, 0x00000006c3000000|  0%| F|  |TS  0|AC  0|TAMS 0x00000006c2f00000, 0x00000006c2f00000|
|  20|0x00000006c3000000, 0x00000006c3000000, 0x00000006c3100000|  0%| F|  |TS  0|AC  0|TAMS 0x00000006c3000000, 0x00000006c3000000|
|  21|0x00000006c3100000, 0x00000006c3100000, 0x00000006c3200000|  0%| F|  |TS  0|AC  0|TAMS 0x00000006c3100000, 0x00000006c3100000|
|  22|0x00000006c3200000, 0x00000006c3200000, 0x00000006c3300000|  0%| F|  |TS  0|AC  0|TAMS 0x00000006c3200000, 0x00000006c3200000|
|  23|0x00000006c3300000, 0x00000006c3300000, 0x00000006c3400000|  0%| F|  |TS  0|AC  0|TAMS 0x00000006c3300000, 0x00000006c3300000|
|  24|0x00000006c3400000, 0x00000006c3400000, 0x00000006c3500000|  0%| F|  |TS  0|AC  0|TAMS 0x00000006c3400000, 0x00000006c3400000|
|  25|0x00000006c3500000, 0x00000006c3500000, 0x00000006c3600000|  0%| F|  |TS  0|AC  0|TAMS 0x00000006c3500000, 0x00000006c3500000|
|  26|0x00000006c3600000, 0x00000006c3600000, 0x00000006c3700000|  0%| F|  |TS  0|AC  0|TAMS 0x00000006c3600000, 0x00000006c3600000|
|  27|0x00000006c3700000, 0x00000006c3700000, 0x00000006c3800000|  0%| F|  |TS  0|AC  0|TAMS 0x00000006c3700000, 0x00000006c3700000|
|  28|0x00000006c3800000, 0x00000006c3800000, 0x00000006c3900000|  0%| F|  |TS  0|AC  0|TAMS 0x00000006c3800000, 0x00000006c3800000|
|  29|0x00000006c3900000, 0x00000006c3900000, 0x00000006c3a00000|  0%| F|  |TS  0|AC  0|TAMS 0x00000006c3900000, 0x00000006c3900000|
|  30|0x00000006c3a00000, 0x00000006c3a00000, 0x00000006c3b00000|  0%| F|  |TS  0|AC  0|TAMS 0x00000006c3a00000, 0x00000006c3a00000|
|  31|0x00000006c3b00000, 0x00000006c3b00000, 0x00000006c3c00000|  0%| F|  |TS  0|AC  0|TAMS 0x00000006c3b00000, 0x00000006c3b00000|
|  32|0x00000006c3c00000, 0x00000006c3c00000, 0x00000006c3d00000|  0%| F|  |TS  0|AC  0|TAMS 0x00000006c3c00000, 0x00000006c3c00000|
|  33|0x00000006c3d00000, 0x00000006c3d00000, 0x00000006c3e00000|  0%| F|  |TS  0|AC  0|TAMS 0x00000006c3d00000, 0x00000006c3d00000|
|  34|0x00000006c3e00000, 0x00000006c3e00000, 0x00000006c3f00000|  0%| F|  |TS  0|AC  0|TAMS 0x00000006c3e00000, 0x00000006c3e00000|
|  35|0x00000006c3f00000, 0x00000006c3f00000, 0x00000006c4000000|  0%| F|  |TS  0|AC  0|TAMS 0x00000006c3f00000, 0x00000006c3f00000|
|  36|0x00000006c4000000, 0x00000006c4000000, 0x00000006c4100000|  0%| F|  |TS  0|AC  0|TAMS 0x00000006c4000000, 0x00000006c4000000|
|  37|0x00000006c4100000, 0x00000006c4100000, 0x00000006c4200000|  0%| F|  |TS  0|AC  0|TAMS 0x00000006c4100000, 0x00000006c4100000|
|  38|0x00000006c4200000, 0x00000006c4200000, 0x00000006c4300000|  0%| F|  |TS  0|AC  0|TAMS 0x00000006c4200000, 0x00000006c4200000|
|  39|0x00000006c4300000, 0x00000006c4300000, 0x00000006c4400000|  0%| F|  |TS  0|AC  0|TAMS 0x00000006c4300000, 0x00000006c4300000|
|  40|0x00000006c4400000, 0x00000006c4400000, 0x00000006c4500000|  0%| F|  |TS  0|AC  0|TAMS 0x00000006c4400000, 0x00000006c4400000|
|  41|0x00000006c4500000, 0x00000006c4500000, 0x00000006c4600000|  0%| F|  |TS  0|AC  0|TAMS 0x00000006c4500000, 0x00000006c4500000|
|  42|0x00000006c4600000, 0x00000006c4600000, 0x00000006c4700000|  0%| F|  |TS  0|AC  0|TAMS 0x00000006c4600000, 0x00000006c4600000|
|  43|0x00000006c4700000, 0x00000006c4700000, 0x00000006c4800000|  0%| F|  |TS  0|AC  0|TAMS 0x00000006c4700000, 0x00000006c4700000|
|  44|0x00000006c4800000, 0x00000006c4800000, 0x00000006c4900000|  0%| F|  |TS  0|AC  0|TAMS 0x00000006c4800000, 0x00000006c4800000|
|  45|0x00000006c4900000, 0x00000006c4900000, 0x00000006c4a00000|  0%| F|  |TS  0|AC  0|TAMS 0x00000006c4900000, 0x00000006c4900000|
|  46|0x00000006c4a00000, 0x00000006c4a00000, 0x00000006c4b00000|  0%| F|  |TS  0|AC  0|TAMS 0x00000006c4a00000, 0x00000006c4a00000|
|  47|0x00000006c4b00000, 0x00000006c4b00000, 0x00000006c4c00000|  0%| F|  |TS  0|AC  0|TAMS 0x00000006c4b00000, 0x00000006c4b00000|
|  48|0x00000006c4c00000, 0x00000006c4c00000, 0x00000006c4d00000|  0%| F|  |TS  0|AC  0|TAMS 0x00000006c4c00000, 0x00000006c4c00000|
|  49|0x00000006c4d00000, 0x00000006c4d00000, 0x00000006c4e00000|  0%| F|  |TS  0|AC  0|TAMS 0x00000006c4d00000, 0x00000006c4d00000|
|  50|0x00000006c4e00000, 0x00000006c4e00000, 0x00000006c4f00000|  0%| F|  |TS  0|AC  0|TAMS 0x00000006c4e00000, 0x00000006c4e00000|
|  51|0x00000006c4f00000, 0x00000006c4f00000, 0x00000006c5000000|  0%| F|  |TS  0|AC  0|TAMS 0x00000006c4f00000, 0x00000006c4f00000|
|  52|0x00000006c5000000, 0x00000006c5000000, 0x00000006c5100000|  0%| F|  |TS  0|AC  0|TAMS 0x00000006c5000000, 0x00000006c5000000|
|  53|0x00000006c5100000, 0x00000006c5100000, 0x00000006c5200000|  0%| F|  |TS  0|AC  0|TAMS 0x00000006c5100000, 0x00000006c5100000|
|  54|0x00000006c5200000, 0x00000006c5200000, 0x00000006c5300000|  0%| F|  |TS  0|AC  0|TAMS 0x00000006c5200000, 0x00000006c5200000|
|  55|0x00000006c5300000, 0x00000006c5300000, 0x00000006c5400000|  0%| F|  |TS  0|AC  0|TAMS 0x00000006c5300000, 0x00000006c5300000|
|  56|0x00000006c5400000, 0x00000006c5400000, 0x00000006c5500000|  0%| F|  |TS  0|AC  0|TAMS 0x00000006c5400000, 0x00000006c5400000|
|  57|0x00000006c5500000, 0x00000006c5500000, 0x00000006c5600000|  0%| F|  |TS  0|AC  0|TAMS 0x00000006c5500000, 0x00000006c5500000|
|  58|0x00000006c5600000, 0x00000006c5600000, 0x00000006c5700000|  0%| F|  |TS  0|AC  0|TAMS 0x00000006c5600000, 0x00000006c5600000|
|  59|0x00000006c5700000, 0x00000006c5700000, 0x00000006c5800000|  0%| F|  |TS  0|AC  0|TAMS 0x00000006c5700000, 0x00000006c5700000|
|  60|0x00000006c5800000, 0x00000006c5800000, 0x00000006c5900000|  0%| F|  |TS  0|AC  0|TAMS 0x00000006c5800000, 0x00000006c5800000|
|  61|0x00000006c5900000, 0x00000006c5900000, 0x00000006c5a00000|  0%| F|  |TS  0|AC  0|TAMS 0x00000006c5900000, 0x00000006c5900000|
|  62|0x00000006c5a00000, 0x00000006c5a00000, 0x00000006c5b00000|  0%| F|  |TS  0|AC  0|TAMS 0x00000006c5a00000, 0x00000006c5a00000|
|  63|0x00000006c5b00000, 0x00000006c5b00000, 0x00000006c5c00000|  0%| F|  |TS  0|AC  0|TAMS 0x00000006c5b00000, 0x00000006c5b00000|
|  64|0x00000006c5c00000, 0x00000006c5c00000, 0x00000006c5d00000|  0%| F|  |TS  0|AC  0|TAMS 0x00000006c5c00000, 0x00000006c5c00000|
|  65|0x00000006c5d00000, 0x00000006c5d00000, 0x00000006c5e00000|  0%| F|  |TS  0|AC  0|TAMS 0x00000006c5d00000, 0x00000006c5d00000|
|  66|0x00000006c5e00000, 0x00000006c5e00000, 0x00000006c5f00000|  0%| F|  |TS  0|AC  0|TAMS 0x00000006c5e00000, 0x00000006c5e00000|
|  67|0x00000006c5f00000, 0x00000006c5f00000, 0x00000006c6000000|  0%| F|  |TS  0|AC  0|TAMS 0x00000006c5f00000, 0x00000006c5f00000|
|  68|0x00000006c6000000, 0x00000006c6000000, 0x00000006c6100000|  0%| F|  |TS  0|AC  0|TAMS 0x00000006c6000000, 0x00000006c6000000|
|  69|0x00000006c6100000, 0x00000006c6100000, 0x00000006c6200000|  0%| F|  |TS  0|AC  0|TAMS 0x00000006c6100000, 0x00000006c6100000|
|  70|0x00000006c6200000, 0x00000006c6200000, 0x00000006c6300000|  0%| F|  |TS  0|AC  0|TAMS 0x00000006c6200000, 0x00000006c6200000|
|  71|0x00000006c6300000, 0x00000006c6300000, 0x00000006c6400000|  0%| F|  |TS  0|AC  0|TAMS 0x00000006c6300000, 0x00000006c6300000|
|  72|0x00000006c6400000, 0x00000006c6400000, 0x00000006c6500000|  0%| F|  |TS  0|AC  0|TAMS 0x00000006c6400000, 0x00000006c6400000|
|  73|0x00000006c6500000, 0x00000006c6500000, 0x00000006c6600000|  0%| F|  |TS  0|AC  0|TAMS 0x00000006c6500000, 0x00000006c6500000|
|  74|0x00000006c6600000, 0x00000006c6600000, 0x00000006c6700000|  0%| F|  |TS  0|AC  0|TAMS 0x00000006c6600000, 0x00000006c6600000|
|  75|0x00000006c6700000, 0x00000006c6700000, 0x00000006c6800000|  0%| F|  |TS  0|AC  0|TAMS 0x00000006c6700000, 0x00000006c6700000|
|  76|0x00000006c6800000, 0x00000006c6800000, 0x00000006c6900000|  0%| F|  |TS  0|AC  0|TAMS 0x00000006c6800000, 0x00000006c6800000|
|  77|0x00000006c6900000, 0x00000006c6900000, 0x00000006c6a00000|  0%| F|  |TS  0|AC  0|TAMS 0x00000006c6900000, 0x00000006c6900000|
|  78|0x00000006c6a00000, 0x00000006c6a00000, 0x00000006c6b00000|  0%| F|  |TS  0|AC  0|TAMS 0x00000006c6a00000, 0x00000006c6a00000|
|  79|0x00000006c6b00000, 0x00000006c6b00000, 0x00000006c6c00000|  0%| F|  |TS  0|AC  0|TAMS 0x00000006c6b00000, 0x00000006c6b00000|
|  80|0x00000006c6c00000, 0x00000006c6c00000, 0x00000006c6d00000|  0%| F|  |TS  0|AC  0|TAMS 0x00000006c6c00000, 0x00000006c6c00000|
|  81|0x00000006c6d00000, 0x00000006c6d00000, 0x00000006c6e00000|  0%| F|  |TS  0|AC  0|TAMS 0x00000006c6d00000, 0x00000006c6d00000|
|  82|0x00000006c6e00000, 0x00000006c6e00000, 0x00000006c6f00000|  0%| F|  |TS  0|AC  0|TAMS 0x00000006c6e00000, 0x00000006c6e00000|
|  83|0x00000006c6f00000, 0x00000006c6f00000, 0x00000006c7000000|  0%| F|  |TS  0|AC  0|TAMS 0x00000006c6f00000, 0x00000006c6f00000|
|  84|0x00000006c7000000, 0x00000006c7000000, 0x00000006c7100000|  0%| F|  |TS  0|AC  0|TAMS 0x00000006c7000000, 0x00000006c7000000|
|  85|0x00000006c7100000, 0x00000006c7100000, 0x00000006c7200000|  0%| F|  |TS  0|AC  0|TAMS 0x00000006c7100000, 0x00000006c7100000|
|  86|0x00000006c7200000, 0x00000006c7200000, 0x00000006c7300000|  0%| F|  |TS  0|AC  0|TAMS 0x00000006c7200000, 0x00000006c7200000|
|  87|0x00000006c7300000, 0x00000006c7300000, 0x00000006c7400000|  0%| F|  |TS  0|AC  0|TAMS 0x00000006c7300000, 0x00000006c7300000|
|  88|0x00000006c7400000, 0x00000006c7400000, 0x00000006c7500000|  0%| F|  |TS  0|AC  0|TAMS 0x00000006c7400000, 0x00000006c7400000|
|  89|0x00000006c7500000, 0x00000006c7500000, 0x00000006c7600000|  0%| F|  |TS  0|AC  0|TAMS 0x00000006c7500000, 0x00000006c7500000|
|  90|0x00000006c7600000, 0x00000006c7600000, 0x00000006c7700000|  0%| F|  |TS  0|AC  0|TAMS 0x00000006c7600000, 0x00000006c7600000|
|  91|0x00000006c7700000, 0x00000006c7700000, 0x00000006c7800000|  0%| F|  |TS  0|AC  0|TAMS 0x00000006c7700000, 0x00000006c7700000|
|  92|0x00000006c7800000, 0x00000006c7800000, 0x00000006c7900000|  0%| F|  |TS  0|AC  0|TAMS 0x00000006c7800000, 0x00000006c7800000|
|  93|0x00000006c7900000, 0x00000006c7900000, 0x00000006c7a00000|  0%| F|  |TS  0|AC  0|TAMS 0x00000006c7900000, 0x00000006c7900000|
|  94|0x00000006c7a00000, 0x00000006c7a00000, 0x00000006c7b00000|  0%| F|  |TS  0|AC  0|TAMS 0x00000006c7a00000, 0x00000006c7a00000|
|  95|0x00000006c7b00000, 0x00000006c7b00000, 0x00000006c7c00000|  0%| F|  |TS  0|AC  0|TAMS 0x00000006c7b00000, 0x00000006c7b00000|
|  96|0x00000006c7c00000, 0x00000006c7c00000, 0x00000006c7d00000|  0%| F|  |TS  0|AC  0|TAMS 0x00000006c7c00000, 0x00000006c7c00000|
|  97|0x00000006c7d00000, 0x00000006c7d00000, 0x00000006c7e00000|  0%| F|  |TS  0|AC  0|TAMS 0x00000006c7d00000, 0x00000006c7d00000|
|  98|0x00000006c7e00000, 0x00000006c7e00000, 0x00000006c7f00000|  0%| F|  |TS  0|AC  0|TAMS 0x00000006c7e00000, 0x00000006c7e00000|
|  99|0x00000006c7f00000, 0x00000006c7f00000, 0x00000006c8000000|  0%| F|  |TS  0|AC  0|TAMS 0x00000006c7f00000, 0x00000006c7f00000|
| 100|0x00000006c8000000, 0x00000006c8000000, 0x00000006c8100000|  0%| F|  |TS  0|AC  0|TAMS 0x00000006c8000000, 0x00000006c8000000|
| 101|0x00000006c8100000, 0x00000006c8100000, 0x00000006c8200000|  0%| F|  |TS  0|AC  0|TAMS 0x00000006c8100000, 0x00000006c8100000|
| 102|0x00000006c8200000, 0x00000006c8200000, 0x00000006c8300000|  0%| F|  |TS  0|AC  0|TAMS 0x00000006c8200000, 0x00000006c8200000|
| 103|0x00000006c8300000, 0x00000006c8300000, 0x00000006c8400000|  0%| F|  |TS  0|AC  0|TAMS 0x00000006c8300000, 0x00000006c8300000|
| 104|0x00000006c8400000, 0x00000006c8400000, 0x00000006c8500000|  0%| F|  |TS  0|AC  0|TAMS 0x00000006c8400000, 0x00000006c8400000|
| 105|0x00000006c8500000, 0x00000006c8500000, 0x00000006c8600000|  0%| F|  |TS  0|AC  0|TAMS 0x00000006c8500000, 0x00000006c8500000|
| 106|0x00000006c8600000, 0x00000006c8600000, 0x00000006c8700000|  0%| F|  |TS  0|AC  0|TAMS 0x00000006c8600000, 0x00000006c8600000|
| 107|0x00000006c8700000, 0x00000006c8700000, 0x00000006c8800000|  0%| F|  |TS  0|AC  0|TAMS 0x00000006c8700000, 0x00000006c8700000|
| 108|0x00000006c8800000, 0x00000006c8800000, 0x00000006c8900000|  0%| F|  |TS  0|AC  0|TAMS 0x00000006c8800000, 0x00000006c8800000|
| 109|0x00000006c8900000, 0x00000006c8900000, 0x00000006c8a00000|  0%| F|  |TS  0|AC  0|TAMS 0x00000006c8900000, 0x00000006c8900000|
| 110|0x00000006c8a00000, 0x00000006c8a00000, 0x00000006c8b00000|  0%| F|  |TS  0|AC  0|TAMS 0x00000006c8a00000, 0x00000006c8a00000|
| 111|0x00000006c8b00000, 0x00000006c8b00000, 0x00000006c8c00000|  0%| F|  |TS  0|AC  0|TAMS 0x00000006c8b00000, 0x00000006c8b00000|
| 112|0x00000006c8c00000, 0x00000006c8c00000, 0x00000006c8d00000|  0%| F|  |TS  0|AC  0|TAMS 0x00000006c8c00000, 0x00000006c8c00000|
| 113|0x00000006c8d00000, 0x00000006c8d00000, 0x00000006c8e00000|  0%| F|  |TS  0|AC  0|TAMS 0x00000006c8d00000, 0x00000006c8d00000|
| 114|0x00000006c8e00000, 0x00000006c8e00000, 0x00000006c8f00000|  0%| F|  |TS  0|AC  0|TAMS 0x00000006c8e00000, 0x00000006c8e00000|
| 115|0x00000006c8f00000, 0x00000006c8f00000, 0x00000006c9000000|  0%| F|  |TS  0|AC  0|TAMS 0x00000006c8f00000, 0x00000006c8f00000|
| 116|0x00000006c9000000, 0x00000006c9000000, 0x00000006c9100000|  0%| F|  |TS  0|AC  0|TAMS 0x00000006c9000000, 0x00000006c9000000|
| 117|0x00000006c9100000, 0x00000006c9100000, 0x00000006c9200000|  0%| F|  |TS  0|AC  0|TAMS 0x00000006c9100000, 0x00000006c9100000|
| 118|0x00000006c9200000, 0x00000006c9200000, 0x00000006c9300000|  0%| F|  |TS  0|AC  0|TAMS 0x00000006c9200000, 0x00000006c9200000|
| 119|0x00000006c9300000, 0x00000006c9300000, 0x00000006c9400000|  0%| F|  |TS  0|AC  0|TAMS 0x00000006c9300000, 0x00000006c9300000|
| 120|0x00000006c9400000, 0x00000006c9400000, 0x00000006c9500000|  0%| F|  |TS  0|AC  0|TAMS 0x00000006c9400000, 0x00000006c9400000|
| 121|0x00000006c9500000, 0x00000006c9500000, 0x00000006c9600000|  0%| F|  |TS  0|AC  0|TAMS 0x00000006c9500000, 0x00000006c9500000|
| 122|0x00000006c9600000, 0x00000006c9600000, 0x00000006c9700000|  0%| F|  |TS  0|AC  0|TAMS 0x00000006c9600000, 0x00000006c9600000|
| 123|0x00000006c9700000, 0x00000006c9700000, 0x00000006c9800000|  0%| F|  |TS  0|AC  0|TAMS 0x00000006c9700000, 0x00000006c9700000|
| 124|0x00000006c9800000, 0x00000006c9800000, 0x00000006c9900000|  0%| F|  |TS  0|AC  0|TAMS 0x00000006c9800000, 0x00000006c9800000|
| 125|0x00000006c9900000, 0x00000006c9900000, 0x00000006c9a00000|  0%| F|  |TS  0|AC  0|TAMS 0x00000006c9900000, 0x00000006c9900000|
| 126|0x00000006c9a00000, 0x00000006c9a00000, 0x00000006c9b00000|  0%| F|  |TS  0|AC  0|TAMS 0x00000006c9a00000, 0x00000006c9a00000|
| 127|0x00000006c9b00000, 0x00000006c9b00000, 0x00000006c9c00000|  0%| F|  |TS  0|AC  0|TAMS 0x00000006c9b00000, 0x00000006c9b00000|
| 128|0x00000006c9c00000, 0x00000006c9c00000, 0x00000006c9d00000|  0%| F|  |TS  0|AC  0|TAMS 0x00000006c9c00000, 0x00000006c9c00000|
| 129|0x00000006c9d00000, 0x00000006c9d00000, 0x00000006c9e00000|  0%| F|  |TS  0|AC  0|TAMS 0x00000006c9d00000, 0x00000006c9d00000|
| 130|0x00000006c9e00000, 0x00000006c9e00000, 0x00000006c9f00000|  0%| F|  |TS  0|AC  0|TAMS 0x00000006c9e00000, 0x00000006c9e00000|
| 131|0x00000006c9f00000, 0x00000006c9f00000, 0x00000006ca000000|  0%| F|  |TS  0|AC  0|TAMS 0x00000006c9f00000, 0x00000006c9f00000|
| 132|0x00000006ca000000, 0x00000006ca000000, 0x00000006ca100000|  0%| F|  |TS  0|AC  0|TAMS 0x00000006ca000000, 0x00000006ca000000|
| 133|0x00000006ca100000, 0x00000006ca100000, 0x00000006ca200000|  0%| F|  |TS  0|AC  0|TAMS 0x00000006ca100000, 0x00000006ca100000|
| 134|0x00000006ca200000, 0x00000006ca200000, 0x00000006ca300000|  0%| F|  |TS  0|AC  0|TAMS 0x00000006ca200000, 0x00000006ca200000|
| 135|0x00000006ca300000, 0x00000006ca300000, 0x00000006ca400000|  0%| F|  |TS  0|AC  0|TAMS 0x00000006ca300000, 0x00000006ca300000|
| 136|0x00000006ca400000, 0x00000006ca400000, 0x00000006ca500000|  0%| F|  |TS  0|AC  0|TAMS 0x00000006ca400000, 0x00000006ca400000|
| 137|0x00000006ca500000, 0x00000006ca500000, 0x00000006ca600000|  0%| F|  |TS  0|AC  0|TAMS 0x00000006ca500000, 0x00000006ca500000|
| 138|0x00000006ca600000, 0x00000006ca600000, 0x00000006ca700000|  0%| F|  |TS  0|AC  0|TAMS 0x00000006ca600000, 0x00000006ca600000|
| 139|0x00000006ca700000, 0x00000006ca700000, 0x00000006ca800000|  0%| F|  |TS  0|AC  0|TAMS 0x00000006ca700000, 0x00000006ca700000|
| 140|0x00000006ca800000, 0x00000006ca800000, 0x00000006ca900000|  0%| F|  |TS  0|AC  0|TAMS 0x00000006ca800000, 0x00000006ca800000|
| 141|0x00000006ca900000, 0x00000006ca900000, 0x00000006caa00000|  0%| F|  |TS  0|AC  0|TAMS 0x00000006ca900000, 0x00000006ca900000|
| 142|0x00000006caa00000, 0x00000006caa00000, 0x00000006cab00000|  0%| F|  |TS  0|AC  0|TAMS 0x00000006caa00000, 0x00000006caa00000|
| 143|0x00000006cab00000, 0x00000006cab00000, 0x00000006cac00000|  0%| F|  |TS  0|AC  0|TAMS 0x00000006cab00000, 0x00000006cab00000|
| 144|0x00000006cac00000, 0x00000006cac00000, 0x00000006cad00000|  0%| F|  |TS  0|AC  0|TAMS 0x00000006cac00000, 0x00000006cac00000|
| 145|0x00000006cad00000, 0x00000006cad00000, 0x00000006cae00000|  0%| F|  |TS  0|AC  0|TAMS 0x00000006cad00000, 0x00000006cad00000|
| 146|0x00000006cae00000, 0x00000006cae00000, 0x00000006caf00000|  0%| F|  |TS  0|AC  0|TAMS 0x00000006cae00000, 0x00000006cae00000|
| 147|0x00000006caf00000, 0x00000006caf00000, 0x00000006cb000000|  0%| F|  |TS  0|AC  0|TAMS 0x00000006caf00000, 0x00000006caf00000|
| 148|0x00000006cb000000, 0x00000006cb000000, 0x00000006cb100000|  0%| F|  |TS  0|AC  0|TAMS 0x00000006cb000000, 0x00000006cb000000|
| 149|0x00000006cb100000, 0x00000006cb100000, 0x00000006cb200000|  0%| F|  |TS  0|AC  0|TAMS 0x00000006cb100000, 0x00000006cb100000|
| 150|0x00000006cb200000, 0x00000006cb200000, 0x00000006cb300000|  0%| F|  |TS  0|AC  0|TAMS 0x00000006cb200000, 0x00000006cb200000|
| 151|0x00000006cb300000, 0x00000006cb300000, 0x00000006cb400000|  0%| F|  |TS  0|AC  0|TAMS 0x00000006cb300000, 0x00000006cb300000|
| 152|0x00000006cb400000, 0x00000006cb400000, 0x00000006cb500000|  0%| F|  |TS  0|AC  0|TAMS 0x00000006cb400000, 0x00000006cb400000|
| 153|0x00000006cb500000, 0x00000006cb500000, 0x00000006cb600000|  0%| F|  |TS  0|AC  0|TAMS 0x00000006cb500000, 0x00000006cb500000|
| 154|0x00000006cb600000, 0x00000006cb600000, 0x00000006cb700000|  0%| F|  |TS  0|AC  0|TAMS 0x00000006cb600000, 0x00000006cb600000|
| 155|0x00000006cb700000, 0x00000006cb700000, 0x00000006cb800000|  0%| F|  |TS  0|AC  0|TAMS 0x00000006cb700000, 0x00000006cb700000|
| 156|0x00000006cb800000, 0x00000006cb800000, 0x00000006cb900000|  0%| F|  |TS  0|AC  0|TAMS 0x00000006cb800000, 0x00000006cb800000|
| 157|0x00000006cb900000, 0x00000006cb900000, 0x00000006cba00000|  0%| F|  |TS  0|AC  0|TAMS 0x00000006cb900000, 0x00000006cb900000|
| 158|0x00000006cba00000, 0x00000006cba00000, 0x00000006cbb00000|  0%| F|  |TS  0|AC  0|TAMS 0x00000006cba00000, 0x00000006cba00000|
| 159|0x00000006cbb00000, 0x00000006cbb00000, 0x00000006cbc00000|  0%| F|  |TS  0|AC  0|TAMS 0x00000006cbb00000, 0x00000006cbb00000|
| 160|0x00000006cbc00000, 0x00000006cbc00000, 0x00000006cbd00000|  0%| F|  |TS  0|AC  0|TAMS 0x00000006cbc00000, 0x00000006cbc00000|
| 161|0x00000006cbd00000, 0x00000006cbd00000, 0x00000006cbe00000|  0%| F|  |TS  0|AC  0|TAMS 0x00000006cbd00000, 0x00000006cbd00000|
| 162|0x00000006cbe00000, 0x00000006cbe00000, 0x00000006cbf00000|  0%| F|  |TS  0|AC  0|TAMS 0x00000006cbe00000, 0x00000006cbe00000|
| 163|0x00000006cbf00000, 0x00000006cbf00000, 0x00000006cc000000|  0%| F|  |TS  0|AC  0|TAMS 0x00000006cbf00000, 0x00000006cbf00000|
| 164|0x00000006cc000000, 0x00000006cc000000, 0x00000006cc100000|  0%| F|  |TS  0|AC  0|TAMS 0x00000006cc000000, 0x00000006cc000000|
| 165|0x00000006cc100000, 0x00000006cc100000, 0x00000006cc200000|  0%| F|  |TS  0|AC  0|TAMS 0x00000006cc100000, 0x00000006cc100000|
| 166|0x00000006cc200000, 0x00000006cc200000, 0x00000006cc300000|  0%| F|  |TS  0|AC  0|TAMS 0x00000006cc200000, 0x00000006cc200000|
| 167|0x00000006cc300000, 0x00000006cc300000, 0x00000006cc400000|  0%| F|  |TS  0|AC  0|TAMS 0x00000006cc300000, 0x00000006cc300000|
| 168|0x00000006cc400000, 0x00000006cc400000, 0x00000006cc500000|  0%| F|  |TS  0|AC  0|TAMS 0x00000006cc400000, 0x00000006cc400000|
| 169|0x00000006cc500000, 0x00000006cc500000, 0x00000006cc600000|  0%| F|  |TS  0|AC  0|TAMS 0x00000006cc500000, 0x00000006cc500000|
| 170|0x00000006cc600000, 0x00000006cc600000, 0x00000006cc700000|  0%| F|  |TS  0|AC  0|TAMS 0x00000006cc600000, 0x00000006cc600000|
| 171|0x00000006cc700000, 0x00000006cc700000, 0x00000006cc800000|  0%| F|  |TS  0|AC  0|TAMS 0x00000006cc700000, 0x00000006cc700000|
| 172|0x00000006cc800000, 0x00000006cc800000, 0x00000006cc900000|  0%| F|  |TS  0|AC  0|TAMS 0x00000006cc800000, 0x00000006cc800000|
| 173|0x00000006cc900000, 0x00000006cc900000, 0x00000006cca00000|  0%| F|  |TS  0|AC  0|TAMS 0x00000006cc900000, 0x00000006cc900000|
| 174|0x00000006cca00000, 0x00000006cca00000, 0x00000006ccb00000|  0%| F|  |TS  0|AC  0|TAMS 0x00000006cca00000, 0x00000006cca00000|
| 175|0x00000006ccb00000, 0x00000006ccb00000, 0x00000006ccc00000|  0%| F|  |TS  0|AC  0|TAMS 0x00000006ccb00000, 0x00000006ccb00000|
| 176|0x00000006ccc00000, 0x00000006ccc00000, 0x00000006ccd00000|  0%| F|  |TS  0|AC  0|TAMS 0x00000006ccc00000, 0x00000006ccc00000|
| 177|0x00000006ccd00000, 0x00000006ccd00000, 0x00000006cce00000|  0%| F|  |TS  0|AC  0|TAMS 0x00000006ccd00000, 0x00000006ccd00000|
| 178|0x00000006cce00000, 0x00000006cce00000, 0x00000006ccf00000|  0%| F|  |TS  0|AC  0|TAMS 0x00000006cce00000, 0x00000006cce00000|
| 179|0x00000006ccf00000, 0x00000006ccf00000, 0x00000006cd000000|  0%| F|  |TS  0|AC  0|TAMS 0x00000006ccf00000, 0x00000006ccf00000|
| 180|0x00000006cd000000, 0x00000006cd000000, 0x00000006cd100000|  0%| F|  |TS  0|AC  0|TAMS 0x00000006cd000000, 0x00000006cd000000|
| 181|0x00000006cd100000, 0x00000006cd100000, 0x00000006cd200000|  0%| F|  |TS  0|AC  0|TAMS 0x00000006cd100000, 0x00000006cd100000|
| 182|0x00000006cd200000, 0x00000006cd200000, 0x00000006cd300000|  0%| F|  |TS  0|AC  0|TAMS 0x00000006cd200000, 0x00000006cd200000|
| 183|0x00000006cd300000, 0x00000006cd300000, 0x00000006cd400000|  0%| F|  |TS  0|AC  0|TAMS 0x00000006cd300000, 0x00000006cd300000|
| 184|0x00000006cd400000, 0x00000006cd400000, 0x00000006cd500000|  0%| F|  |TS  0|AC  0|TAMS 0x00000006cd400000, 0x00000006cd400000|
| 185|0x00000006cd500000, 0x00000006cd500000, 0x00000006cd600000|  0%| F|  |TS  0|AC  0|TAMS 0x00000006cd500000, 0x00000006cd500000|
| 186|0x00000006cd600000, 0x00000006cd600000, 0x00000006cd700000|  0%| F|  |TS  0|AC  0|TAMS 0x00000006cd600000, 0x00000006cd600000|
| 187|0x00000006cd700000, 0x00000006cd700000, 0x00000006cd800000|  0%| F|  |TS  0|AC  0|TAMS 0x00000006cd700000, 0x00000006cd700000|
| 188|0x00000006cd800000, 0x00000006cd800000, 0x00000006cd900000|  0%| F|  |TS  0|AC  0|TAMS 0x00000006cd800000, 0x00000006cd800000|
| 189|0x00000006cd900000, 0x00000006cd900000, 0x00000006cda00000|  0%| F|  |TS  0|AC  0|TAMS 0x00000006cd900000, 0x00000006cd900000|
| 190|0x00000006cda00000, 0x00000006cda00000, 0x00000006cdb00000|  0%| F|  |TS  0|AC  0|TAMS 0x00000006cda00000, 0x00000006cda00000|
| 191|0x00000006cdb00000, 0x00000006cdb00000, 0x00000006cdc00000|  0%| F|  |TS  0|AC  0|TAMS 0x00000006cdb00000, 0x00000006cdb00000|
| 192|0x00000006cdc00000, 0x00000006cdc00000, 0x00000006cdd00000|  0%| F|  |TS  0|AC  0|TAMS 0x00000006cdc00000, 0x00000006cdc00000|
| 193|0x00000006cdd00000, 0x00000006cdd00000, 0x00000006cde00000|  0%| F|  |TS  0|AC  0|TAMS 0x00000006cdd00000, 0x00000006cdd00000|
| 194|0x00000006cde00000, 0x00000006cde00000, 0x00000006cdf00000|  0%| F|  |TS  0|AC  0|TAMS 0x00000006cde00000, 0x00000006cde00000|
| 195|0x00000006cdf00000, 0x00000006cdf00000, 0x00000006ce000000|  0%| F|  |TS  0|AC  0|TAMS 0x00000006cdf00000, 0x00000006cdf00000|
| 196|0x00000006ce000000, 0x00000006ce000000, 0x00000006ce100000|  0%| F|  |TS  0|AC  0|TAMS 0x00000006ce000000, 0x00000006ce000000|
| 197|0x00000006ce100000, 0x00000006ce100000, 0x00000006ce200000|  0%| F|  |TS  0|AC  0|TAMS 0x00000006ce100000, 0x00000006ce100000|
| 198|0x00000006ce200000, 0x00000006ce200000, 0x00000006ce300000|  0%| F|  |TS  0|AC  0|TAMS 0x00000006ce200000, 0x00000006ce200000|
| 199|0x00000006ce300000, 0x00000006ce300000, 0x00000006ce400000|  0%| F|  |TS  0|AC  0|TAMS 0x00000006ce300000, 0x00000006ce300000|
| 200|0x00000006ce400000, 0x00000006ce400000, 0x00000006ce500000|  0%| F|  |TS  0|AC  0|TAMS 0x00000006ce400000, 0x00000006ce400000|
| 201|0x00000006ce500000, 0x00000006ce500000, 0x00000006ce600000|  0%| F|  |TS  0|AC  0|TAMS 0x00000006ce500000, 0x00000006ce500000|
| 202|0x00000006ce600000, 0x00000006ce600000, 0x00000006ce700000|  0%| F|  |TS  0|AC  0|TAMS 0x00000006ce600000, 0x00000006ce600000|
| 203|0x00000006ce700000, 0x00000006ce700000, 0x00000006ce800000|  0%| F|  |TS  0|AC  0|TAMS 0x00000006ce700000, 0x00000006ce700000|
| 204|0x00000006ce800000, 0x00000006ce800000, 0x00000006ce900000|  0%| F|  |TS  0|AC  0|TAMS 0x00000006ce800000, 0x00000006ce800000|
| 205|0x00000006ce900000, 0x00000006ce900000, 0x00000006cea00000|  0%| F|  |TS  0|AC  0|TAMS 0x00000006ce900000, 0x00000006ce900000|
| 206|0x00000006cea00000, 0x00000006cea00000, 0x00000006ceb00000|  0%| F|  |TS  0|AC  0|TAMS 0x00000006cea00000, 0x00000006cea00000|
| 207|0x00000006ceb00000, 0x00000006ceb00000, 0x00000006cec00000|  0%| F|  |TS  0|AC  0|TAMS 0x00000006ceb00000, 0x00000006ceb00000|
| 208|0x00000006cec00000, 0x00000006cec00000, 0x00000006ced00000|  0%| F|  |TS  0|AC  0|TAMS 0x00000006cec00000, 0x00000006cec00000|
| 209|0x00000006ced00000, 0x00000006ced00000, 0x00000006cee00000|  0%| F|  |TS  0|AC  0|TAMS 0x00000006ced00000, 0x00000006ced00000|
| 210|0x00000006cee00000, 0x00000006cee00000, 0x00000006cef00000|  0%| F|  |TS  0|AC  0|TAMS 0x00000006cee00000, 0x00000006cee00000|
| 211|0x00000006cef00000, 0x00000006cef00000, 0x00000006cf000000|  0%| F|  |TS  0|AC  0|TAMS 0x00000006cef00000, 0x00000006cef00000|
| 212|0x00000006cf000000, 0x00000006cf000000, 0x00000006cf100000|  0%| F|  |TS  0|AC  0|TAMS 0x00000006cf000000, 0x00000006cf000000|
| 213|0x00000006cf100000, 0x00000006cf100000, 0x00000006cf200000|  0%| F|  |TS  0|AC  0|TAMS 0x00000006cf100000, 0x00000006cf100000|
| 214|0x00000006cf200000, 0x00000006cf200000, 0x00000006cf300000|  0%| F|  |TS  0|AC  0|TAMS 0x00000006cf200000, 0x00000006cf200000|
| 215|0x00000006cf300000, 0x00000006cf300000, 0x00000006cf400000|  0%| F|  |TS  0|AC  0|TAMS 0x00000006cf300000, 0x00000006cf300000|
| 216|0x00000006cf400000, 0x00000006cf400000, 0x00000006cf500000|  0%| F|  |TS  0|AC  0|TAMS 0x00000006cf400000, 0x00000006cf400000|
| 217|0x00000006cf500000, 0x00000006cf500000, 0x00000006cf600000|  0%| F|  |TS  0|AC  0|TAMS 0x00000006cf500000, 0x00000006cf500000|
| 218|0x00000006cf600000, 0x00000006cf600000, 0x00000006cf700000|  0%| F|  |TS  0|AC  0|TAMS 0x00000006cf600000, 0x00000006cf600000|
| 219|0x00000006cf700000, 0x00000006cf700000, 0x00000006cf800000|  0%| F|  |TS  0|AC  0|TAMS 0x00000006cf700000, 0x00000006cf700000|
| 220|0x00000006cf800000, 0x00000006cf800000, 0x00000006cf900000|  0%| F|  |TS  0|AC  0|TAMS 0x00000006cf800000, 0x00000006cf800000|
| 221|0x00000006cf900000, 0x00000006cf900000, 0x00000006cfa00000|  0%| F|  |TS  0|AC  0|TAMS 0x00000006cf900000, 0x00000006cf900000|
| 222|0x00000006cfa00000, 0x00000006cfa00000, 0x00000006cfb00000|  0%| F|  |TS  0|AC  0|TAMS 0x00000006cfa00000, 0x00000006cfa00000|
| 223|0x00000006cfb00000, 0x00000006cfb00000, 0x00000006cfc00000|  0%| F|  |TS  0|AC  0|TAMS 0x00000006cfb00000, 0x00000006cfb00000|
| 224|0x00000006cfc00000, 0x00000006cfc00000, 0x00000006cfd00000|  0%| F|  |TS  0|AC  0|TAMS 0x00000006cfc00000, 0x00000006cfc00000|
| 225|0x00000006cfd00000, 0x00000006cfd00000, 0x00000006cfe00000|  0%| F|  |TS  0|AC  0|TAMS 0x00000006cfd00000, 0x00000006cfd00000|
| 226|0x00000006cfe00000, 0x00000006cfe00000, 0x00000006cff00000|  0%| F|  |TS  0|AC  0|TAMS 0x00000006cfe00000, 0x00000006cfe00000|
| 227|0x00000006cff00000, 0x00000006cff00000, 0x00000006d0000000|  0%| F|  |TS  0|AC  0|TAMS 0x00000006cff00000, 0x00000006cff00000|
| 228|0x00000006d0000000, 0x00000006d0000000, 0x00000006d0100000|  0%| F|  |TS  0|AC  0|TAMS 0x00000006d0000000, 0x00000006d0000000|
| 229|0x00000006d0100000, 0x00000006d0180800, 0x00000006d0200000| 50%| E|  |TS  0|AC  0|TAMS 0x00000006d0100000, 0x00000006d0100000|
| 230|0x00000006d0200000, 0x00000006d0300000, 0x00000006d0300000|100%| E|CS|TS  0|AC  0|TAMS 0x00000006d0200000, 0x00000006d0200000|
| 231|0x00000006d0300000, 0x00000006d0400000, 0x00000006d0400000|100%| E|CS|TS  0|AC  0|TAMS 0x00000006d0300000, 0x00000006d0300000|
| 232|0x00000006d0400000, 0x00000006d0500000, 0x00000006d0500000|100%| E|CS|TS  0|AC  0|TAMS 0x00000006d0400000, 0x00000006d0400000|
| 233|0x00000006d0500000, 0x00000006d0600000, 0x00000006d0600000|100%| E|CS|TS  0|AC  0|TAMS 0x00000006d0500000, 0x00000006d0500000|
| 234|0x00000006d0600000, 0x00000006d0700000, 0x00000006d0700000|100%| E|CS|TS  0|AC  0|TAMS 0x00000006d0600000, 0x00000006d0600000|
| 235|0x00000006d0700000, 0x00000006d0800000, 0x00000006d0800000|100%| E|CS|TS  0|AC  0|TAMS 0x00000006d0700000, 0x00000006d0700000|
| 236|0x00000006d0800000, 0x00000006d0900000, 0x00000006d0900000|100%| E|CS|TS  0|AC  0|TAMS 0x00000006d0800000, 0x00000006d0800000|
| 237|0x00000006d0900000, 0x00000006d0a00000, 0x00000006d0a00000|100%| E|CS|TS  0|AC  0|TAMS 0x00000006d0900000, 0x00000006d0900000|
| 238|0x00000006d0a00000, 0x00000006d0b00000, 0x00000006d0b00000|100%| E|CS|TS  0|AC  0|TAMS 0x00000006d0a00000, 0x00000006d0a00000|
| 239|0x00000006d0b00000, 0x00000006d0c00000, 0x00000006d0c00000|100%| E|CS|TS  0|AC  0|TAMS 0x00000006d0b00000, 0x00000006d0b00000|
| 240|0x00000006d0c00000, 0x00000006d0d00000, 0x00000006d0d00000|100%| E|CS|TS  0|AC  0|TAMS 0x00000006d0c00000, 0x00000006d0c00000|
| 241|0x00000006d0d00000, 0x00000006d0e00000, 0x00000006d0e00000|100%| E|CS|TS  0|AC  0|TAMS 0x00000006d0d00000, 0x00000006d0d00000|
| 242|0x00000006d0e00000, 0x00000006d0f00000, 0x00000006d0f00000|100%| E|CS|TS  0|AC  0|TAMS 0x00000006d0e00000, 0x00000006d0e00000|
| 243|0x00000006d0f00000, 0x00000006d0f402e0, 0x00000006d1000000| 25%| S|CS|TS  0|AC  0|TAMS 0x00000006d0f00000, 0x00000006d0f00000|
| 244|0x00000006d1000000, 0x00000006d1100000, 0x00000006d1100000|100%| S|CS|TS  0|AC  0|TAMS 0x00000006d1000000, 0x00000006d1000000|
| 245|0x00000006d1100000, 0x00000006d1200000, 0x00000006d1200000|100%| S|CS|TS  0|AC  0|TAMS 0x00000006d1100000, 0x00000006d1100000|
| 246|0x00000006d1200000, 0x00000006d1300000, 0x00000006d1300000|100%| S|CS|TS  0|AC  0|TAMS 0x00000006d1200000, 0x00000006d1200000|
| 247|0x00000006d1300000, 0x00000006d1400000, 0x00000006d1400000|100%| S|CS|TS  0|AC  0|TAMS 0x00000006d1300000, 0x00000006d1300000|
| 248|0x00000006d1400000, 0x00000006d1500000, 0x00000006d1500000|100%| S|CS|TS  0|AC  0|TAMS 0x00000006d1400000, 0x00000006d1400000|
| 249|0x00000006d1500000, 0x00000006d1600000, 0x00000006d1600000|100%| E|CS|TS  0|AC  0|TAMS 0x00000006d1500000, 0x00000006d1500000|
| 250|0x00000006d1600000, 0x00000006d1700000, 0x00000006d1700000|100%| E|CS|TS  0|AC  0|TAMS 0x00000006d1600000, 0x00000006d1600000|
| 251|0x00000006d1700000, 0x00000006d1800000, 0x00000006d1800000|100%| E|CS|TS  0|AC  0|TAMS 0x00000006d1700000, 0x00000006d1700000|
| 252|0x00000006d1800000, 0x00000006d1900000, 0x00000006d1900000|100%| E|CS|TS  0|AC  0|TAMS 0x00000006d1800000, 0x00000006d1800000|
| 253|0x00000006d1900000, 0x00000006d1a00000, 0x00000006d1a00000|100%| E|CS|TS  0|AC  0|TAMS 0x00000006d1900000, 0x00000006d1900000|
| 254|0x00000006d1a00000, 0x00000006d1b00000, 0x00000006d1b00000|100%| E|CS|TS  0|AC  0|TAMS 0x00000006d1a00000, 0x00000006d1a00000|
| 255|0x00000006d1b00000, 0x00000006d1c00000, 0x00000006d1c00000|100%| E|CS|TS  0|AC  0|TAMS 0x00000006d1b00000, 0x00000006d1b00000|

Card table byte_map: [0x0000021cb75f0000,0x0000021cb7df0000] byte_map_base: 0x0000021cb3fe2000

Marking Bits (Prev, Next): (CMBitMap*) 0x0000021cc0598398, (CMBitMap*) 0x0000021cc0598360
 Prev Bits: [0x0000021cbc580000, 0x0000021cc0510000)
 Next Bits: [0x0000021cb85f0000, 0x0000021cbc580000)

Polling page: 0x0000021c9e110000

CodeHeap 'non-profiled nmethods': size=120000Kb used=1502Kb max_used=1502Kb free=118497Kb
 bounds [0x0000021caf590000, 0x0000021caf800000, 0x0000021cb6ac0000]
CodeHeap 'profiled nmethods': size=120000Kb used=5851Kb max_used=5851Kb free=114148Kb
 bounds [0x0000021ca8060000, 0x0000021ca8620000, 0x0000021caf590000]
CodeHeap 'non-nmethods': size=5760Kb used=1354Kb max_used=1411Kb free=4405Kb
 bounds [0x0000021ca7ac0000, 0x0000021ca7d30000, 0x0000021ca8060000]
 total_blobs=4470 nmethods=3054 adapters=704
 compilation: enabled

Compilation events (10 events):
Event: 2.751 Thread 0x0000021cc3993000 nmethod 3034 0x0000021caf6eb610 code [0x0000021caf6eb840, 0x0000021caf6ebdd0]
Event: 2.751 Thread 0x0000021cc3993000 3035       4       com.sun.javafx.collections.VetoableListDecorator::get (11 bytes)
Event: 2.753 Thread 0x0000021cc3993000 nmethod 3035 0x0000021caf6ec490 code [0x0000021caf6ec640, 0x0000021caf6ec7b8]
Event: 2.753 Thread 0x0000021cc3993000 3033       4       java.lang.StrictMath::floorOrCeil (128 bytes)
Event: 2.753 Thread 0x0000021cc39a1000 nmethod 3042 0x0000021ca8609a10 code [0x0000021ca860a220, 0x0000021ca860fbf0]
Event: 2.753 Thread 0x0000021cc39a1000 3043       3       com.sun.javafx.sg.prism.NGNode::getEffect (19 bytes)
Event: 2.753 Thread 0x0000021cc39a1000 nmethod 3043 0x0000021ca8611390 code [0x0000021ca8611540, 0x0000021ca8611738]
Event: 2.753 Thread 0x0000021cc39a1000 3044       3       com.sun.javafx.sg.prism.NGNode::setViewOrder (19 bytes)
Event: 2.754 Thread 0x0000021cc39a1000 nmethod 3044 0x0000021ca8611810 code [0x0000021ca86119e0, 0x0000021ca8611c50]
Event: 2.754 Thread 0x0000021cc39a1000 3045       3       javafx.scene.Node::getOpacity (19 bytes)

GC Heap History (4 events):
Event: 1.423 GC heap before
{Heap before GC invocations=0 (full 0):
 garbage-first heap   total 262144K, used 24576K [0x00000006c1c00000, 0x00000007c0000000)
  region size 1024K, 24 young (24576K), 0 survivors (0K)
 Metaspace       used 16433K, capacity 16885K, committed 17152K, reserved 1064960K
  class space    used 1831K, capacity 2018K, committed 2048K, reserved 1048576K
}
Event: 1.430 GC heap after
{Heap after GC invocations=1 (full 0):
 garbage-first heap   total 262144K, used 5004K [0x00000006c1c00000, 0x00000007c0000000)
  region size 1024K, 3 young (3072K), 3 survivors (3072K)
 Metaspace       used 16433K, capacity 16885K, committed 17152K, reserved 1064960K
  class space    used 1831K, capacity 2018K, committed 2048K, reserved 1048576K
}
Event: 1.720 GC heap before
{Heap before GC invocations=1 (full 0):
 garbage-first heap   total 262144K, used 11148K [0x00000006c1c00000, 0x00000007c0000000)
  region size 1024K, 10 young (10240K), 3 survivors (3072K)
 Metaspace       used 20572K, capacity 21053K, committed 21248K, reserved 1067008K
  class space    used 2508K, capacity 2772K, committed 2816K, reserved 1048576K
}
Event: 1.729 GC heap after
{Heap after GC invocations=2 (full 0):
 garbage-first heap   total 262144K, used 7309K [0x00000006c1c00000, 0x00000007c0000000)
  region size 1024K, 6 young (6144K), 6 survivors (6144K)
 Metaspace       used 20572K, capacity 21053K, committed 21248K, reserved 1067008K
  class space    used 2508K, capacity 2772K, committed 2816K, reserved 1048576K
}

Deoptimization events (10 events):
Event: 2.416 Thread 0x0000021cc4276800 Uncommon trap: reason=class_check action=maybe_recompile pc=0x0000021caf67abe0 method=javafx.beans.property.BooleanPropertyBase.get()Z @ 23 c2
Event: 2.451 Thread 0x0000021cc40c1800 Uncommon trap: reason=unstable_if action=reinterpret pc=0x0000021caf664208 method=java.io.BufferedInputStream.fill()V @ 222 c2
Event: 2.453 Thread 0x0000021cc40c1800 Uncommon trap: reason=unstable_if action=reinterpret pc=0x0000021caf660754 method=java.io.BufferedInputStream.fill()V @ 222 c2
Event: 2.644 Thread 0x0000021cc4276800 Uncommon trap: reason=array_check action=maybe_recompile pc=0x0000021caf6bbc20 method=javafx.css.SimpleSelector.applies(Ljavafx/css/Styleable;[Ljava/util/Set;I)Z @ 37 c2
Event: 2.644 Thread 0x0000021cc4276800 Uncommon trap: reason=array_check action=maybe_recompile pc=0x0000021caf6bbc20 method=javafx.css.SimpleSelector.applies(Ljavafx/css/Styleable;[Ljava/util/Set;I)Z @ 37 c2
Event: 2.644 Thread 0x0000021cc4276800 Uncommon trap: reason=array_check action=maybe_recompile pc=0x0000021caf6bbc20 method=javafx.css.SimpleSelector.applies(Ljavafx/css/Styleable;[Ljava/util/Set;I)Z @ 37 c2
Event: 2.644 Thread 0x0000021cc4276800 Uncommon trap: reason=array_check action=maybe_recompile pc=0x0000021caf6bbc20 method=javafx.css.SimpleSelector.applies(Ljavafx/css/Styleable;[Ljava/util/Set;I)Z @ 37 c2
Event: 2.659 Thread 0x0000021cc4276800 Uncommon trap: reason=unstable_if action=reinterpret pc=0x0000021caf5f5d64 method=java.lang.StringLatin1.canEncode(I)Z @ 4 c2
Event: 2.659 Thread 0x0000021cc4276800 Uncommon trap: reason=unstable_if action=reinterpret pc=0x0000021caf5c1d50 method=java.lang.AbstractStringBuilder.isLatin1()Z @ 10 c2
Event: 2.721 Thread 0x0000021cc4276800 Uncommon trap: reason=unstable_if action=reinterpret pc=0x0000021caf679918 method=javafx.scene.Node.isDirtyEmpty()Z @ 4 c2

Classes redefined (0 events):
No events

Internal exceptions (10 events):
Event: 1.767 Thread 0x0000021cc4276800 Exception <a 'java/lang/ClassNotFoundException'{0x00000006d1b53608}: com/sun/javafx/scene/control/skin/resources/controls> (0x00000006d1b53608) thrown at [t:/workspace/open/src/hotspot/share/prims/jni.cpp, line 632]
Event: 1.768 Thread 0x0000021cc4276800 Exception <a 'java/lang/ClassNotFoundException'{0x00000006d1b61398}: com/sun/javafx/scene/control/skin/resources/controls_en> (0x00000006d1b61398) thrown at [t:/workspace/open/src/hotspot/share/prims/jni.cpp, line 632]
Event: 1.769 Thread 0x0000021cc4276800 Exception <a 'java/lang/ClassNotFoundException'{0x00000006d1b62628}: com/sun/javafx/scene/control/skin/resources/controls_en_GB> (0x00000006d1b62628) thrown at [t:/workspace/open/src/hotspot/share/prims/jni.cpp, line 632]
Event: 1.819 Thread 0x0000021cc4276800 Exception <a 'java/lang/NoSuchMethodError'{0x00000006d1a8e2e8}: java.lang.invoke.DirectMethodHandle$Holder.invokeSpecial(Ljava/lang/Object;Ljava/lang/Object;Ljava/lang/Object;Ljava/lang/Object;Ljava/lang/Object;Ljava/lang/Object;)V> (0x00000006d1a8e2e8) t
Event: 1.919 Thread 0x0000021cc4276800 Exception <a 'java/lang/NoSuchMethodError'{0x00000006d19fb340}: method resolution failed> (0x00000006d19fb340) thrown at [t:/workspace/open/src/hotspot/share/prims/methodHandles.cpp, line 1226]
Event: 1.919 Thread 0x0000021cc4276800 Exception <a 'java/lang/NoSuchMethodError'{0x00000006d19fe730}: java.lang.invoke.DirectMethodHandle$Holder.invokeStaticInit(Ljava/lang/Object;Ljava/lang/Object;Ljava/lang/Object;)J> (0x00000006d19fe730) thrown at [t:/workspace/open/src/hotspot/share/inter
Event: 1.924 Thread 0x0000021cc4276800 Exception <a 'java/lang/NoSuchMethodError'{0x00000006d1811ef8}: method resolution failed> (0x00000006d1811ef8) thrown at [t:/workspace/open/src/hotspot/share/prims/methodHandles.cpp, line 1226]
Event: 1.924 Thread 0x0000021cc4276800 Exception <a 'java/lang/NoSuchMethodError'{0x00000006d1818348}: java.lang.invoke.DirectMethodHandle$Holder.invokeStatic(Ljava/lang/Object;Ljava/lang/Object;J)Ljava/lang/Object;> (0x00000006d1818348) thrown at [t:/workspace/open/src/hotspot/share/interpret
Event: 1.925 Thread 0x0000021cc4276800 Exception <a 'java/lang/NoSuchMethodError'{0x00000006d181ba70}: method resolution failed> (0x00000006d181ba70) thrown at [t:/workspace/open/src/hotspot/share/prims/methodHandles.cpp, line 1226]
Event: 2.441 Thread 0x0000021cc40c1800 Exception <a 'java/lang/NoSuchMethodError'{0x00000006d0603da0}: java.lang.invoke.DirectMethodHandle$Holder.invokeStaticInit(Ljava/lang/Object;Ljava/lang/Object;)I> (0x00000006d0603da0) thrown at [t:/workspace/open/src/hotspot/share/interpreter/linkResolve

Events (10 events):
Event: 2.735 loading class sun/text/CompactByteArray
Event: 2.735 loading class sun/text/CompactByteArray done
Event: 2.735 loading class sun/text/SupplementaryCharacterData
Event: 2.735 loading class sun/text/SupplementaryCharacterData done
Event: 2.735 loading class java/text/BreakIterator$BreakIteratorCache
Event: 2.736 loading class java/text/BreakIterator$BreakIteratorCache done
Event: 2.744 Executing VM operation: RevokeBias
Event: 2.744 Executing VM operation: RevokeBias done
Event: 2.744 Executing VM operation: RevokeBias
Event: 2.744 Executing VM operation: RevokeBias done


Dynamic libraries:
0x00007ff638ed0000 - 0x00007ff638f0e000 	C:\Program Files\Java\jre-10.0.2\bin\javaw.exe
0x00007ff9ac4b0000 - 0x00007ff9ac69d000 	C:\WINDOWS\SYSTEM32\ntdll.dll
0x00007ff97f180000 - 0x00007ff97f192000 	C:\Program Files\AVG\Antivirus\aswhook.dll
0x00007ff9abd90000 - 0x00007ff9abe43000 	C:\WINDOWS\System32\KERNEL32.DLL
0x00007ff9a8630000 - 0x00007ff9a88c3000 	C:\WINDOWS\System32\KERNELBASE.dll
0x00007ff9ac050000 - 0x00007ff9ac0f3000 	C:\WINDOWS\System32\ADVAPI32.dll
0x00007ff9ab810000 - 0x00007ff9ab8ae000 	C:\WINDOWS\System32\msvcrt.dll
0x00007ff9ac100000 - 0x00007ff9ac19e000 	C:\WINDOWS\System32\sechost.dll
0x00007ff9ab6e0000 - 0x00007ff9ab802000 	C:\WINDOWS\System32\RPCRT4.dll
0x00007ff9abe50000 - 0x00007ff9abfe7000 	C:\WINDOWS\System32\USER32.dll
0x00007ff9a8bd0000 - 0x00007ff9a8bf0000 	C:\WINDOWS\System32\win32u.dll
0x00007ff9ab6b0000 - 0x00007ff9ab6d9000 	C:\WINDOWS\System32\GDI32.dll
0x00007ff9a89a0000 - 0x00007ff9a8b3a000 	C:\WINDOWS\System32\gdi32full.dll
0x00007ff9a9460000 - 0x00007ff9a9500000 	C:\WINDOWS\System32\msvcp_win.dll
0x00007ff9a8bf0000 - 0x00007ff9a8cea000 	C:\WINDOWS\System32\ucrtbase.dll
0x00007ff999a80000 - 0x00007ff999cf9000 	C:\WINDOWS\WinSxS\amd64_microsoft.windows.common-controls_6595b64144ccf1df_6.0.17763.437_none_05b63dca071e5dd6\COMCTL32.dll
0x00007ff9ab140000 - 0x00007ff9ab46c000 	C:\WINDOWS\System32\combase.dll
0x00007ff9a88d0000 - 0x00007ff9a894e000 	C:\WINDOWS\System32\bcryptPrimitives.dll
0x00007ff99d660000 - 0x00007ff99d66a000 	C:\WINDOWS\SYSTEM32\VERSION.dll
0x00007ff9aafd0000 - 0x00007ff9aaffe000 	C:\WINDOWS\System32\IMM32.DLL
0x00007ff9820b0000 - 0x00007ff98219f000 	C:\Program Files\Java\jre-10.0.2\bin\msvcr120.dll
0x00007ff9a4dc0000 - 0x00007ff9a4e66000 	C:\Program Files\Java\jre-10.0.2\bin\msvcp120.dll
0x000000006d4f0000 - 0x000000006df60000 	C:\Program Files\Java\jre-10.0.2\bin\server\jvm.dll
0x00007ff9aafc0000 - 0x00007ff9aafc8000 	C:\WINDOWS\System32\PSAPI.DLL
0x00007ff9921b0000 - 0x00007ff9921b9000 	C:\WINDOWS\SYSTEM32\WSOCK32.dll
0x00007ff9ac410000 - 0x00007ff9ac47d000 	C:\WINDOWS\System32\WS2_32.dll
0x00007ff9a6550000 - 0x00007ff9a6574000 	C:\WINDOWS\SYSTEM32\WINMM.dll
0x00007ff9a60c0000 - 0x00007ff9a60ed000 	C:\WINDOWS\SYSTEM32\WINMMBASE.dll
0x00007ff9a8950000 - 0x00007ff9a899a000 	C:\WINDOWS\System32\cfgmgr32.dll
0x00007ff9a6740000 - 0x00007ff9a674f000 	C:\Program Files\Java\jre-10.0.2\bin\verify.dll
0x00007ff98f6a0000 - 0x00007ff98f88d000 	C:\WINDOWS\SYSTEM32\DBGHELP.DLL
0x00007ff98f610000 - 0x00007ff98f63a000 	C:\WINDOWS\SYSTEM32\dbgcore.DLL
0x00007ff9a50d0000 - 0x00007ff9a50f7000 	C:\Program Files\Java\jre-10.0.2\bin\java.dll
0x00007ff9a4da0000 - 0x00007ff9a4db6000 	C:\Program Files\Java\jre-10.0.2\bin\zip.dll
0x00007ff9a6730000 - 0x00007ff9a673a000 	C:\Program Files\Java\jre-10.0.2\bin\jimage.dll
0x00007ff9a9ad0000 - 0x00007ff9aafc0000 	C:\WINDOWS\System32\SHELL32.dll
0x00007ff9ac300000 - 0x00007ff9ac3a8000 	C:\WINDOWS\System32\shcore.dll
0x00007ff9a8cf0000 - 0x00007ff9a943a000 	C:\WINDOWS\System32\windows.storage.dll
0x00007ff9a84f0000 - 0x00007ff9a8514000 	C:\WINDOWS\System32\profapi.dll
0x00007ff9a8520000 - 0x00007ff9a857d000 	C:\WINDOWS\System32\powrprof.dll
0x00007ff9abff0000 - 0x00007ff9ac042000 	C:\WINDOWS\System32\shlwapi.dll
0x00007ff9a84b0000 - 0x00007ff9a84c1000 	C:\WINDOWS\System32\kernel.appcore.dll
0x00007ff9a9440000 - 0x00007ff9a9457000 	C:\WINDOWS\System32\cryptsp.dll
0x00007ff9a1600000 - 0x00007ff9a161a000 	C:\Program Files\Java\jre-10.0.2\bin\net.dll
0x00007ff99c3c0000 - 0x00007ff99c4b1000 	C:\WINDOWS\SYSTEM32\WINHTTP.dll
0x00007ff9a7d30000 - 0x00007ff9a7d97000 	C:\WINDOWS\system32\mswsock.dll
0x00007ff99e3e0000 - 0x00007ff99e3f1000 	C:\Program Files\Java\jre-10.0.2\bin\nio.dll
0x0000021ca0260000 - 0x0000021ca0263000 	C:\Program Files\Java\jre-10.0.2\bin\api-ms-win-core-console-l1-1-0.dll
0x0000021ca0270000 - 0x0000021ca0273000 	C:\Program Files\Java\jre-10.0.2\bin\api-ms-win-core-datetime-l1-1-0.dll
0x0000021ca0280000 - 0x0000021ca0283000 	C:\Program Files\Java\jre-10.0.2\bin\api-ms-win-core-debug-l1-1-0.dll
0x0000021ca0290000 - 0x0000021ca0293000 	C:\Program Files\Java\jre-10.0.2\bin\api-ms-win-core-errorhandling-l1-1-0.dll
0x0000021ca02a0000 - 0x0000021ca02a4000 	C:\Program Files\Java\jre-10.0.2\bin\api-ms-win-core-file-l1-1-0.dll
0x0000021ca02b0000 - 0x0000021ca02b3000 	C:\Program Files\Java\jre-10.0.2\bin\api-ms-win-core-file-l1-2-0.dll
0x0000021ca02c0000 - 0x0000021ca02c3000 	C:\Program Files\Java\jre-10.0.2\bin\api-ms-win-core-file-l2-1-0.dll
0x0000021ca02d0000 - 0x0000021ca02d3000 	C:\Program Files\Java\jre-10.0.2\bin\api-ms-win-core-handle-l1-1-0.dll
0x0000021ca02e0000 - 0x0000021ca02e3000 	C:\Program Files\Java\jre-10.0.2\bin\api-ms-win-core-heap-l1-1-0.dll
0x0000021cc45a0000 - 0x0000021cc45a3000 	C:\Program Files\Java\jre-10.0.2\bin\api-ms-win-core-interlocked-l1-1-0.dll
0x0000021cc45b0000 - 0x0000021cc45b3000 	C:\Program Files\Java\jre-10.0.2\bin\api-ms-win-core-libraryloader-l1-1-0.dll
0x0000021cc45c0000 - 0x0000021cc45c3000 	C:\Program Files\Java\jre-10.0.2\bin\api-ms-win-core-localization-l1-2-0.dll
0x0000021cc45d0000 - 0x0000021cc45d3000 	C:\Program Files\Java\jre-10.0.2\bin\api-ms-win-core-memory-l1-1-0.dll
0x0000021cc45e0000 - 0x0000021cc45e3000 	C:\Program Files\Java\jre-10.0.2\bin\api-ms-win-core-namedpipe-l1-1-0.dll
0x0000021cc45f0000 - 0x0000021cc45f3000 	C:\Program Files\Java\jre-10.0.2\bin\api-ms-win-core-processenvironment-l1-1-0.dll
0x0000021cc4600000 - 0x0000021cc4603000 	C:\Program Files\Java\jre-10.0.2\bin\api-ms-win-core-processthreads-l1-1-0.dll
0x0000021cc4610000 - 0x0000021cc4613000 	C:\Program Files\Java\jre-10.0.2\bin\api-ms-win-core-processthreads-l1-1-1.dll
0x0000021cc4620000 - 0x0000021cc4623000 	C:\Program Files\Java\jre-10.0.2\bin\api-ms-win-core-profile-l1-1-0.dll
0x0000021cc4630000 - 0x0000021cc4633000 	C:\Program Files\Java\jre-10.0.2\bin\api-ms-win-core-rtlsupport-l1-1-0.dll
0x0000021cc4640000 - 0x0000021cc4643000 	C:\Program Files\Java\jre-10.0.2\bin\api-ms-win-core-string-l1-1-0.dll
0x0000021cc4650000 - 0x0000021cc4653000 	C:\Program Files\Java\jre-10.0.2\bin\api-ms-win-core-synch-l1-1-0.dll
0x0000021cc4660000 - 0x0000021cc4663000 	C:\Program Files\Java\jre-10.0.2\bin\api-ms-win-core-synch-l1-2-0.dll
0x0000021cc4670000 - 0x0000021cc4673000 	C:\Program Files\Java\jre-10.0.2\bin\api-ms-win-core-sysinfo-l1-1-0.dll
0x0000021cc4680000 - 0x0000021cc4683000 	C:\Program Files\Java\jre-10.0.2\bin\api-ms-win-core-timezone-l1-1-0.dll
0x0000021cc4690000 - 0x0000021cc4693000 	C:\Program Files\Java\jre-10.0.2\bin\api-ms-win-core-util-l1-1-0.dll
0x0000021cc46a0000 - 0x0000021cc46a3000 	C:\Program Files\Java\jre-10.0.2\bin\api-ms-win-crt-conio-l1-1-0.dll
0x0000021cc46b0000 - 0x0000021cc46b4000 	C:\Program Files\Java\jre-10.0.2\bin\api-ms-win-crt-convert-l1-1-0.dll
0x0000021cc46c0000 - 0x0000021cc46c3000 	C:\Program Files\Java\jre-10.0.2\bin\api-ms-win-crt-environment-l1-1-0.dll
0x0000021cc46d0000 - 0x0000021cc46d3000 	C:\Program Files\Java\jre-10.0.2\bin\api-ms-win-crt-filesystem-l1-1-0.dll
0x0000021cc46e0000 - 0x0000021cc46e3000 	C:\Program Files\Java\jre-10.0.2\bin\api-ms-win-crt-heap-l1-1-0.dll
0x0000021cc46f0000 - 0x0000021cc46f3000 	C:\Program Files\Java\jre-10.0.2\bin\api-ms-win-crt-locale-l1-1-0.dll
0x0000021cc4700000 - 0x0000021cc4705000 	C:\Program Files\Java\jre-10.0.2\bin\api-ms-win-crt-math-l1-1-0.dll
0x0000021cc4710000 - 0x0000021cc4715000 	C:\Program Files\Java\jre-10.0.2\bin\api-ms-win-crt-multibyte-l1-1-0.dll
0x0000021cc4720000 - 0x0000021cc4730000 	C:\Program Files\Java\jre-10.0.2\bin\api-ms-win-crt-private-l1-1-0.dll
0x0000021cc4730000 - 0x0000021cc4733000 	C:\Program Files\Java\jre-10.0.2\bin\api-ms-win-crt-process-l1-1-0.dll
0x0000021cc4740000 - 0x0000021cc4744000 	C:\Program Files\Java\jre-10.0.2\bin\api-ms-win-crt-runtime-l1-1-0.dll
0x0000021cc4750000 - 0x0000021cc4754000 	C:\Program Files\Java\jre-10.0.2\bin\api-ms-win-crt-stdio-l1-1-0.dll
0x0000021cc4760000 - 0x0000021cc4764000 	C:\Program Files\Java\jre-10.0.2\bin\api-ms-win-crt-string-l1-1-0.dll
0x0000021cc4770000 - 0x0000021cc4773000 	C:\Program Files\Java\jre-10.0.2\bin\api-ms-win-crt-time-l1-1-0.dll
0x0000021cc4780000 - 0x0000021cc4783000 	C:\Program Files\Java\jre-10.0.2\bin\api-ms-win-crt-utility-l1-1-0.dll
0x00007ff981f60000 - 0x00007ff982056000 	C:\Program Files\Java\jre-10.0.2\bin\ucrtbase.dll
0x00007ff998380000 - 0x00007ff998396000 	C:\Program Files\Java\jre-10.0.2\bin\vcruntime140.dll
0x00007ff97d1c0000 - 0x00007ff97d25c000 	C:\Program Files\Java\jre-10.0.2\bin\msvcp140.dll
0x00007ff9821c0000 - 0x00007ff982211000 	C:\Program Files\Java\jre-10.0.2\bin\concrt140.dll
0x00007ff9930d0000 - 0x00007ff9930f3000 	C:\Program Files\Java\jre-10.0.2\bin\prism_d3d.dll
0x00007ff96d4d0000 - 0x00007ff96d66e000 	C:\WINDOWS\system32\d3d9.dll
0x00007ff9a6ba0000 - 0x00007ff9a6bce000 	C:\WINDOWS\SYSTEM32\dwmapi.dll
0x00007ff9a9500000 - 0x00007ff9a96db000 	C:\WINDOWS\System32\CRYPT32.dll
0x00007ff9a84d0000 - 0x00007ff9a84e2000 	C:\WINDOWS\System32\MSASN1.dll
0x00007ff9a6ad0000 - 0x00007ff9a6b6c000 	C:\WINDOWS\system32\uxtheme.dll
0x00007ff94fc10000 - 0x00007ff94fe82000 	C:\WINDOWS\System32\DriverStore\FileRepository\igdlh64.inf_amd64_24de78387e6208e4\igdumdim64.dll
0x00007ff93e630000 - 0x00007ff941b27000 	C:\WINDOWS\System32\DriverStore\FileRepository\igdlh64.inf_amd64_24de78387e6208e4\igd9dxva64.dll
0x00007ff9ac1a0000 - 0x00007ff9ac2f5000 	C:\WINDOWS\System32\ole32.dll
0x00007ff9a96e0000 - 0x00007ff9a97a4000 	C:\WINDOWS\System32\OLEAUT32.dll
0x00007ff97fe00000 - 0x00007ff97fe4a000 	C:\Program Files\Java\jre-10.0.2\bin\glass.dll
0x00007ff9a9920000 - 0x00007ff9a9a47000 	C:\WINDOWS\System32\COMDLG32.dll
0x00007ff9a97b0000 - 0x00007ff9a991a000 	C:\WINDOWS\System32\MSCTF.dll
0x00007ff969110000 - 0x00007ff969131000 	C:\WINDOWS\System32\DriverStore\FileRepository\igdlh64.inf_amd64_24de78387e6208e4\igdinfo64.dll
0x00007ff99efd0000 - 0x00007ff9a0f35000 	C:\WINDOWS\System32\DriverStore\FileRepository\igdlh64.inf_amd64_24de78387e6208e4\igc64.dll
0x00007ff9a7a70000 - 0x00007ff9a7b36000 	C:\WINDOWS\SYSTEM32\DNSAPI.dll
0x00007ff9ab130000 - 0x00007ff9ab138000 	C:\WINDOWS\System32\NSI.dll
0x00007ff9a7a30000 - 0x00007ff9a7a6d000 	C:\WINDOWS\SYSTEM32\IPHLPAPI.DLL
0x00007ff994320000 - 0x00007ff99432a000 	C:\Windows\System32\rasadhlp.dll
0x00007ff99c340000 - 0x00007ff99c3b9000 	C:\WINDOWS\System32\fwpuclnt.dll
0x00007ff9a8ba0000 - 0x00007ff9a8bc6000 	C:\WINDOWS\System32\bcrypt.dll
0x00007ff994d90000 - 0x00007ff994da4000 	C:\Program Files\Java\jre-10.0.2\bin\javafx_font.dll
0x00007ff9618d0000 - 0x00007ff961a6b000 	C:\Program Files\Java\jre-10.0.2\bin\awt.dll
0x00007ff9a5930000 - 0x00007ff9a5eee000 	C:\WINDOWS\SYSTEM32\d2d1.dll
0x00007ff9a6780000 - 0x00007ff9a680c000 	C:\WINDOWS\SYSTEM32\apphelp.dll
0x00007ff97d580000 - 0x00007ff97d5e5000 	C:\Program Files\Java\jre-10.0.2\bin\fontmanager.dll
0x00007ff996660000 - 0x00007ff99695f000 	C:\WINDOWS\SYSTEM32\dwrite.dll
0x00007ff9ab000000 - 0x00007ff9ab0a2000 	C:\WINDOWS\System32\clbcatq.dll
0x00007ff9a3d70000 - 0x00007ff9a3f28000 	C:\WINDOWS\SYSTEM32\WindowsCodecs.dll
0x00007ff994290000 - 0x00007ff9942e6000 	C:\WINDOWS\system32\dataexchange.dll
0x00007ff9a56b0000 - 0x00007ff9a592e000 	C:\WINDOWS\system32\d3d11.dll
0x00007ff9a5ef0000 - 0x00007ff9a60b3000 	C:\WINDOWS\system32\dcomp.dll
0x00007ff9a7230000 - 0x00007ff9a72f2000 	C:\WINDOWS\system32\dxgi.dll
0x00007ff9a6bd0000 - 0x00007ff9a6ddd000 	C:\WINDOWS\system32\twinapi.appcore.dll
0x00007ff9a6e90000 - 0x00007ff9a6eb8000 	C:\WINDOWS\system32\RMCLIENT.dll
0x00007ff992b10000 - 0x00007ff992b43000 	C:\Program Files\Common Files\Microsoft Shared\Ink\rtscom.dll
0x00007ff998540000 - 0x00007ff9985d5000 	C:\WINDOWS\System32\TextInputFramework.dll

dbghelp: loaded successfully - version: 4.0.5 - missing functions: none
symbol engine: initialized successfully - sym options: 0x614 - pdb path: .;C:\Program Files\Java\jre-10.0.2\bin;C:\WINDOWS\SYSTEM32;C:\Program Files\AVG\Antivirus;C:\WINDOWS\WinSxS\amd64_microsoft.windows.common-controls_6595b64144ccf1df_6.0.17763.437_none_05b63dca071e5dd6;C:\Program Files\Java\jre-10.0.2\bin\server;C:\WINDOWS\System32\DriverStore\FileRepository\igdlh64.inf_amd64_24de78387e6208e4;C:\Program Files\Common Files\Microsoft Shared\Ink

VM Arguments:
jvm_args: -Dfile.encoding=Cp1252 --module-path=C:\Users\Tom Laptop\eclipse-workspace\Sagrada SOaS\lib\mysql-connector-java-8.0.15.jar 
java_command: controllers.MainApplication
java_class_path (initial): C:\Users\Tom Laptop\eclipse-workspace\Sagrada SOaS\bin
Launcher Type: SUN_STANDARD

Logging:
Log output configuration:
#0: stdout all=warning uptime,level,tags
#1: stderr all=off uptime,level,tags

Environment Variables:
PATH=C:\Program Files (x86)\NVIDIA Corporation\PhysX\Common;C:\Program Files (x86)\Common Files\Oracle\Java\javapath;C:\WINDOWS\system32;C:\WINDOWS;C:\WINDOWS\System32\Wbem;C:\WINDOWS\System32\WindowsPowerShell\v1.0\;C:\WINDOWS\System32\OpenSSH\;C:\Users\Tom Laptop\AppData\Local\Microsoft\WindowsApps;C:\Users\Tom Laptop\AppData\Local\atom\bin;C:\Users\Tom Laptop\AppData\Local\GitHubDesktop\bin;%USERPROFILE%\AppData\Local\Microsoft\WindowsApps;
USERNAME=Tom Laptop
OS=Windows_NT
PROCESSOR_IDENTIFIER=Intel64 Family 6 Model 142 Stepping 10, GenuineIntel



---------------  S Y S T E M  ---------------

OS: Windows 10 , 64 bit Build 17763 (10.0.17763.437)

CPU:total 8 (initial active 8) (4 cores per cpu, 2 threads per core) family 6 model 142 stepping 10, cmov, cx8, fxsr, mmx, sse, sse2, sse3, ssse3, sse4.1, sse4.2, popcnt, avx, avx2, aes, clmul, erms, 3dnowpref, lzcnt, ht, tsc, tscinvbit, bmi1, bmi2, adx, fma

Memory: 4k page, physical 16657212k(8876760k free), swap 19147580k(9400508k free)

vm_info: Java HotSpot(TM) 64-Bit Server VM (10.0.2+13) for windows-amd64 JRE (10.0.2+13), built on Jun 28 2018 01:57:56 by "mach5one" with MS VC++ 12.0 (VS2013)

END.
