#
# A fatal error has been detected by the Java Runtime Environment:
#
#  EXCEPTION_ACCESS_VIOLATION (0xc0000005) at pc=0x000000006d8c8596, pid=13268, tid=8948
#
# JRE version: Java(TM) SE Runtime Environment (10.0.2+13) (build 10.0.2+13)
# Java VM: Java HotSpot(TM) 64-Bit Server VM (10.0.2+13, mixed mode, tiered, compressed oops, g1 gc, windows-amd64)
# Problematic frame:
# V  [jvm.dll+0x3d8596]
#
# No core dump will be written. Minidumps are not enabled by default on client versions of Windows
#
# If you would like to submit a bug report, please visit:
#   http://bugreport.java.com/bugreport/crash.jsp
#

---------------  S U M M A R Y ------------

Command Line: -Dfile.encoding=Cp1252 --module-path=C:\Users\Tom Laptop\eclipse-workspace\Sagrada SOaS\lib\mysql-connector-java-8.0.15.jar controllers.MainApplication

Host: Intel(R) Core(TM) i7-8550U CPU @ 1.80GHz, 8 cores, 15G,  Windows 10 , 64 bit Build 17763 (10.0.17763.437)
Time: Fri May 24 11:53:07 2019 W. Europe Summer Time elapsed time: 3 seconds (0d 0h 0m 3s)

---------------  T H R E A D  ---------------

Current thread (0x0000026e44bf8000):  JavaThread "JavaFX Application Thread" [_thread_in_vm, id=8948, stack(0x000000742b600000,0x000000742b700000)]

Stack: [0x000000742b600000,0x000000742b700000],  sp=0x000000742b6fbef0,  free space=1007k
Native frames: (J=compiled Java code, j=interpreted, Vv=VM code, C=native code)
V  [jvm.dll+0x3d8596]
V  [jvm.dll+0x3bb35e]
V  [jvm.dll+0x3b2cfa]
C  [glass.dll+0x4f4c]

Java frames: (J=compiled Java code, j=interpreted, Vv=VM code)
j  com.sun.glass.ui.win.WinView._enterFullscreen(JZZZ)Z+0 javafx.graphics@10.0.2
j  com.sun.glass.ui.View.enterFullscreen(ZZZ)Z+15 javafx.graphics@10.0.2
j  com.sun.javafx.tk.quantum.WindowStage.applyFullScreen()V+77 javafx.graphics@10.0.2
j  com.sun.javafx.tk.quantum.WindowStage.setFullScreen(Z)V+50 javafx.graphics@10.0.2
j  javafx.stage.Stage.doVisibleChanged(Z)V+34 javafx.graphics@10.0.2
j  javafx.stage.Stage.access$200(Ljavafx/stage/Stage;Z)V+2 javafx.graphics@10.0.2
j  javafx.stage.Stage$1.doVisibleChanged(Ljavafx/stage/Window;Z)V+5 javafx.graphics@10.0.2
j  com.sun.javafx.stage.StageHelper.visibleChangedImpl(Ljavafx/stage/Window;Z)V+11 javafx.graphics@10.0.2
j  com.sun.javafx.stage.WindowHelper.visibleChanged(Ljavafx/stage/Window;Z)V+6 javafx.graphics@10.0.2
j  javafx.stage.Window$12.invalidated()V+640 javafx.graphics@10.0.2
j  javafx.beans.property.BooleanPropertyBase.markInvalid()V+13 javafx.base@10.0.2
j  javafx.beans.property.BooleanPropertyBase.set(Z)V+72 javafx.base@10.0.2
j  javafx.stage.Window.setShowing(Z)V+11 javafx.graphics@10.0.2
j  javafx.stage.Window.show()V+2 javafx.graphics@10.0.2
j  javafx.stage.Stage.show()V+1 javafx.graphics@10.0.2
j  controllers.MainApplication.start(Ljavafx/stage/Stage;)V+37
j  com.sun.javafx.application.LauncherImpl.lambda$launchApplication1$9(Ljava/util/concurrent/atomic/AtomicBoolean;Ljavafx/application/Application;)V+20 javafx.graphics@10.0.2
j  com.sun.javafx.application.LauncherImpl$$Lambda$102.run()V+8 javafx.graphics@10.0.2
j  com.sun.javafx.application.PlatformImpl.lambda$runAndWait$11(Ljava/lang/Runnable;Ljava/util/concurrent/CountDownLatch;)V+1 javafx.graphics@10.0.2
j  com.sun.javafx.application.PlatformImpl$$Lambda$95.run()V+8 javafx.graphics@10.0.2
j  com.sun.javafx.application.PlatformImpl.lambda$runLater$9(Ljava/lang/Runnable;)Ljava/lang/Void;+1 javafx.graphics@10.0.2
j  com.sun.javafx.application.PlatformImpl$$Lambda$97.run()Ljava/lang/Object;+4 javafx.graphics@10.0.2
v  ~StubRoutines::call_stub
j  java.security.AccessController.doPrivileged(Ljava/security/PrivilegedAction;Ljava/security/AccessControlContext;)Ljava/lang/Object;+0 java.base@10.0.2
j  com.sun.javafx.application.PlatformImpl.lambda$runLater$10(Ljava/lang/Runnable;Ljava/security/AccessControlContext;)V+7 javafx.graphics@10.0.2
j  com.sun.javafx.application.PlatformImpl$$Lambda$96.run()V+8 javafx.graphics@10.0.2
j  com.sun.glass.ui.InvokeLaterDispatcher$Future.run()V+4 javafx.graphics@10.0.2
v  ~StubRoutines::call_stub
j  com.sun.glass.ui.win.WinApplication._runLoop(Ljava/lang/Runnable;)V+0 javafx.graphics@10.0.2
j  com.sun.glass.ui.win.WinApplication.lambda$runLoop$3(ILjava/lang/Runnable;)V+8 javafx.graphics@10.0.2
j  com.sun.glass.ui.win.WinApplication$$Lambda$85.run()V+12 javafx.graphics@10.0.2
j  java.lang.Thread.run()V+11 java.base@10.0.2
v  ~StubRoutines::call_stub

siginfo: EXCEPTION_ACCESS_VIOLATION (0xc0000005), reading address 0x0000000600000000


Register to memory mapping:

RIP=0x000000006d8c8596 jvm.dll
RAX=0x000000742b6fc110 is pointing into the stack for thread: 0x0000026e44bf8000
RBX=0x0000026e44bf8000 is a thread
RCX=0x0000000600000001 is an unknown value
RDX=0x000000742b6fc0e0 is pointing into the stack for thread: 0x0000026e44bf8000
RSP=0x000000742b6fbef0 is pointing into the stack for thread: 0x0000026e44bf8000
RBP=0x000000742b6fc020 is pointing into the stack for thread: 0x0000026e44bf8000
RSI=0x0000000000000001 is an unknown value
RDI=0x0000026e45caaec8 is an unknown value
R8 =0x0000000600000001 is an unknown value
R9 =0x0000000000000001 is an unknown value
R10=0x0000000000000000 is an unknown value
R11=0x0000000000000246 is an unknown value
R12=0x000000742b6fc0e0 is pointing into the stack for thread: 0x0000026e44bf8000
R13=0x0000000000000401 is an unknown value
R14=0x0000026e44bf8000 is a thread
R15=0x0000000000000000 is an unknown value


Registers:
RAX=0x000000742b6fc110, RBX=0x0000026e44bf8000, RCX=0x0000000600000001, RDX=0x000000742b6fc0e0
RSP=0x000000742b6fbef0, RBP=0x000000742b6fc020, RSI=0x0000000000000001, RDI=0x0000026e45caaec8
R8 =0x0000000600000001, R9 =0x0000000000000001, R10=0x0000000000000000, R11=0x0000000000000246
R12=0x000000742b6fc0e0, R13=0x0000000000000401, R14=0x0000026e44bf8000, R15=0x0000000000000000
RIP=0x000000006d8c8596, EFLAGS=0x0000000000010206

Top of Stack: (sp=0x000000742b6fbef0)
0x000000742b6fbef0:   0000862854c73522 0000000000000000
0x000000742b6fbf00:   00007ff994e717e0 0000000000000000
0x000000742b6fbf10:   0000026e44bf8000 000000006d8ab35e
0x000000742b6fbf20:   00007ff994e717e0 00007ff9abe5c78c
0x000000742b6fbf30:   00000000c0000388 00007ff994e717e0
0x000000742b6fbf40:   0000000000000000 0000000000000000
0x000000742b6fbf50:   0000000000000000 0000000000000000
0x000000742b6fbf60:   0000000040000000 00007ff9abe5c78c
0x000000742b6fbf70:   0000026e44bf8270 000000742b6fc110
0x000000742b6fbf80:   00000000001511a4 0000000080000000
0x000000742b6fbf90:   0000000000000000 000000742b6fc0a0
0x000000742b6fbfa0:   0000000000000000 0000000000000001
0x000000742b6fbfb0:   0000000000000000 0000000000000000
0x000000742b6fbfc0:   0000000000000000 00007ff9abe77397
0x000000742b6fbfd0:   0000000000000000 0000000000000000
0x000000742b6fbfe0:   0000000000000000 00007ff9abe6fa9a 

Instructions: (pc=0x000000006d8c8596)
0x000000006d8c8576:   00 74 08 48 8b cb e8 1f 72 f2 ff 48 8b c3 48 83
0x000000006d8c8586:   c4 20 5b c3 cc cc cc cc cc cc 40 53 48 83 ec 20
0x000000006d8c8596:   48 8b 59 ff 48 85 db 74 11 80 3d 9a 2a 5c 00 00
0x000000006d8c85a6:   74 08 48 8b cb e8 f0 71 f2 ff 48 8b c3 48 83 c4 



---------------  P R O C E S S  ---------------

Threads class SMR info:
_java_thread_list=0x0000026e4f9bf510, length=21, elements={
0x0000026e1ecd5000, 0x0000026e4422a800, 0x0000026e44260000, 0x0000026e4427d000,
0x0000026e4427e000, 0x0000026e44282800, 0x0000026e44288800, 0x0000026e44289800,
0x0000026e4428a800, 0x0000026e4428b000, 0x0000026e44413800, 0x0000026e44832000,
0x0000026e44999800, 0x0000026e44bac800, 0x0000026e44bf8000, 0x0000026e44bd4800,
0x0000026e4545c000, 0x0000026e45831800, 0x0000026e45443000, 0x0000026e4e138800,
0x0000026e44763000
}

Java Threads: ( => current thread )
  0x0000026e1ecd5000 JavaThread "main" [_thread_blocked, id=17076, stack(0x0000007429200000,0x0000007429300000)]
  0x0000026e4422a800 JavaThread "Reference Handler" daemon [_thread_blocked, id=7004, stack(0x000000742a800000,0x000000742a900000)]
  0x0000026e44260000 JavaThread "Finalizer" daemon [_thread_blocked, id=11188, stack(0x000000742a900000,0x000000742aa00000)]
  0x0000026e4427d000 JavaThread "Signal Dispatcher" daemon [_thread_blocked, id=7044, stack(0x000000742aa00000,0x000000742ab00000)]
  0x0000026e4427e000 JavaThread "Attach Listener" daemon [_thread_blocked, id=2256, stack(0x000000742ab00000,0x000000742ac00000)]
  0x0000026e44282800 JavaThread "C2 CompilerThread0" daemon [_thread_blocked, id=6888, stack(0x000000742ac00000,0x000000742ad00000)]
  0x0000026e44288800 JavaThread "C2 CompilerThread1" daemon [_thread_in_native, id=7420, stack(0x000000742ad00000,0x000000742ae00000)]
  0x0000026e44289800 JavaThread "C2 CompilerThread2" daemon [_thread_blocked, id=14984, stack(0x000000742ae00000,0x000000742af00000)]
  0x0000026e4428a800 JavaThread "C1 CompilerThread3" daemon [_thread_blocked, id=10076, stack(0x000000742af00000,0x000000742b000000)]
  0x0000026e4428b000 JavaThread "Sweeper thread" daemon [_thread_blocked, id=11616, stack(0x000000742b000000,0x000000742b100000)]
  0x0000026e44413800 JavaThread "Common-Cleaner" daemon [_thread_blocked, id=16572, stack(0x000000742b100000,0x000000742b200000)]
  0x0000026e44832000 JavaThread "Service Thread" daemon [_thread_blocked, id=16064, stack(0x000000742b200000,0x000000742b300000)]
  0x0000026e44999800 JavaThread "QuantumRenderer-0" daemon [_thread_blocked, id=16464, stack(0x000000742b400000,0x000000742b500000)]
  0x0000026e44bac800 JavaThread "InvokeLaterDispatcher" daemon [_thread_blocked, id=5756, stack(0x000000742b500000,0x000000742b600000)]
=>0x0000026e44bf8000 JavaThread "JavaFX Application Thread" [_thread_in_vm, id=8948, stack(0x000000742b600000,0x000000742b700000)]
  0x0000026e44bd4800 JavaThread "JavaFX-Launcher" [_thread_blocked, id=644, stack(0x000000742bb00000,0x000000742bc00000)]
  0x0000026e4545c000 JavaThread "Thread-2" daemon [_thread_in_native, id=13372, stack(0x000000742ba00000,0x000000742bb00000)]
  0x0000026e45831800 JavaThread "mysql-cj-abandoned-connection-cleanup" daemon [_thread_blocked, id=13416, stack(0x000000742bc00000,0x000000742bd00000)]
  0x0000026e45443000 JavaThread "Java2D Disposer" daemon [_thread_blocked, id=10512, stack(0x000000742be00000,0x000000742bf00000)]
  0x0000026e4e138800 JavaThread "Prism Font Disposer" daemon [_thread_blocked, id=32, stack(0x000000742c100000,0x000000742c200000)]
  0x0000026e44763000 JavaThread "Cleaner-0" daemon [_thread_blocked, id=14248, stack(0x000000742c300000,0x000000742c400000)]

Other Threads:
  0x0000026e44225000 VMThread "VM Thread" [stack: 0x000000742a700000,0x000000742a800000] [id=16132]
  0x0000026e44961000 WatcherThread [stack: 0x000000742b300000,0x000000742b400000] [id=10880]
  0x0000026e1ecf1000 GCTaskThread "GC Thread#0" [stack: 0x0000007429300000,0x0000007429400000] [id=13308]
  0x0000026e1ecf2000 GCTaskThread "GC Thread#1" [stack: 0x0000007429400000,0x0000007429500000] [id=16004]
  0x0000026e1ecf5000 GCTaskThread "GC Thread#2" [stack: 0x0000007429500000,0x0000007429600000] [id=6436]
  0x0000026e1ecf8000 GCTaskThread "GC Thread#3" [stack: 0x0000007429600000,0x0000007429700000] [id=11980]
  0x0000026e1ecfb000 GCTaskThread "GC Thread#4" [stack: 0x0000007429700000,0x0000007429800000] [id=16480]
  0x0000026e1ed02800 GCTaskThread "GC Thread#5" [stack: 0x0000007429800000,0x0000007429900000] [id=12500]
  0x0000026e1ed04000 GCTaskThread "GC Thread#6" [stack: 0x0000007429900000,0x0000007429a00000] [id=13408]
  0x0000026e1ed05800 GCTaskThread "GC Thread#7" [stack: 0x0000007429a00000,0x0000007429b00000] [id=14636]
  0x0000026e1ed4f800 ConcurrentGCThread "G1 Main Marker" [stack: 0x0000007429b00000,0x0000007429c00000] [id=12404]
  0x0000026e1ed50800 ConcurrentGCThread "G1 Conc#0" [stack: 0x0000007429c00000,0x0000007429d00000] [id=14316]
  0x0000026e1ed59800 ConcurrentGCThread "G1 Conc#1" [stack: 0x0000007429d00000,0x0000007429e00000] [id=4460]
  0x0000026e1edad800 ConcurrentGCThread "G1 Refine#0" [stack: 0x0000007429e00000,0x0000007429f00000] [id=14896]
  0x0000026e40f45800 ConcurrentGCThread "G1 Refine#1" [stack: 0x0000007429f00000,0x000000742a000000] [id=7524]
  0x0000026e40f49000 ConcurrentGCThread "G1 Refine#2" [stack: 0x000000742a000000,0x000000742a100000] [id=13556]
  0x0000026e40f4c000 ConcurrentGCThread "G1 Refine#3" [stack: 0x000000742a100000,0x000000742a200000] [id=3480]
  0x0000026e40f50000 ConcurrentGCThread "G1 Refine#4" [stack: 0x000000742a200000,0x000000742a300000] [id=14236]
  0x0000026e40f52800 ConcurrentGCThread "G1 Refine#5" [stack: 0x000000742a300000,0x000000742a400000] [id=2096]
  0x0000026e40f5d800 ConcurrentGCThread "G1 Refine#6" [stack: 0x000000742a400000,0x000000742a500000] [id=3040]
  0x0000026e40f68800 ConcurrentGCThread "G1 Refine#7" [stack: 0x000000742a500000,0x000000742a600000] [id=17088]
  0x0000026e40f69000 ConcurrentGCThread "G1 Young RemSet Sampling" [stack: 0x000000742a600000,0x000000742a700000] [id=16116]

Threads with active compile tasks:
C2 CompilerThread12924   !   4       com.sun.javafx.css.StyleManager::findMatchingStyles (1268 bytes)

VM state:not at safepoint (normal execution)

VM Mutex/Monitor currently owned by a thread: None

Heap address: 0x00000006c1c00000, size: 4068 MB, Compressed Oops mode: Zero based, Oop shift amount: 3
Narrow klass base: 0x0000000000000000, Narrow klass shift: 3
Compressed class space size: 1073741824 Address: 0x00000007c0000000

Heap:
 garbage-first heap   total 262144K, used 30457K [0x00000006c1c00000, 0x00000007c0000000)
  region size 1024K, 27 young (27648K), 5 survivors (5120K)
 Metaspace       used 25500K, capacity 26174K, committed 26496K, reserved 1073152K
  class space    used 3312K, capacity 3657K, committed 3712K, reserved 1048576K
Heap Regions: E=young(eden), S=young(survivor), O=old, HS=humongous(starts), HC=humongous(continues), CS=collection set, F=free, A=archive, TS=gc time stamp, AC=allocation context, TAMS=top-at-mark-start (previous, next)
|   0|0x00000006c1c00000, 0x00000006c1d00000, 0x00000006c1d00000|100%| O|  |TS  0|AC  0|TAMS 0x00000006c1d00000, 0x00000006c1d00000|
|   1|0x00000006c1d00000, 0x00000006c1ddf000, 0x00000006c1e00000| 87%| O|  |TS  0|AC  0|TAMS 0x00000006c1ddf000, 0x00000006c1ddf000|
|   2|0x00000006c1e00000, 0x00000006c1f00000, 0x00000006c1f00000|100%|HS|  |TS  0|AC  0|TAMS 0x00000006c1e00000, 0x00000006c1e00000|
|   3|0x00000006c1f00000, 0x00000006c2000000, 0x00000006c2000000|100%|HC|  |TS  0|AC  0|TAMS 0x00000006c1f00000, 0x00000006c1f00000|
|   4|0x00000006c2000000, 0x00000006c2000000, 0x00000006c2100000|  0%| F|  |TS  0|AC  0|TAMS 0x00000006c2000000, 0x00000006c2000000|
|   5|0x00000006c2100000, 0x00000006c2100000, 0x00000006c2200000|  0%| F|  |TS  0|AC  0|TAMS 0x00000006c2100000, 0x00000006c2100000|
|   6|0x00000006c2200000, 0x00000006c2200000, 0x00000006c2300000|  0%| F|  |TS  0|AC  0|TAMS 0x00000006c2200000, 0x00000006c2200000|
|   7|0x00000006c2300000, 0x00000006c2300000, 0x00000006c2400000|  0%| F|  |TS  0|AC  0|TAMS 0x00000006c2300000, 0x00000006c2300000|
|   8|0x00000006c2400000, 0x00000006c2400000, 0x00000006c2500000|  0%| F|  |TS  0|AC  0|TAMS 0x00000006c2400000, 0x00000006c2400000|
|   9|0x00000006c2500000, 0x00000006c2500000, 0x00000006c2600000|  0%| F|  |TS  0|AC  0|TAMS 0x00000006c2500000, 0x00000006c2500000|
|  10|0x00000006c2600000, 0x00000006c2600000, 0x00000006c2700000|  0%| F|  |TS  0|AC  0|TAMS 0x00000006c2600000, 0x00000006c2600000|
|  11|0x00000006c2700000, 0x00000006c2700000, 0x00000006c2800000|  0%| F|  |TS  0|AC  0|TAMS 0x00000006c2700000, 0x00000006c2700000|
|  12|0x00000006c2800000, 0x00000006c2800000, 0x00000006c2900000|  0%| F|  |TS  0|AC  0|TAMS 0x00000006c2800000, 0x00000006c2800000|
|  13|0x00000006c2900000, 0x00000006c2900000, 0x00000006c2a00000|  0%| F|  |TS  0|AC  0|TAMS 0x00000006c2900000, 0x00000006c2900000|
|  14|0x00000006c2a00000, 0x00000006c2a00000, 0x00000006c2b00000|  0%| F|  |TS  0|AC  0|TAMS 0x00000006c2a00000, 0x00000006c2a00000|
|  15|0x00000006c2b00000, 0x00000006c2b00000, 0x00000006c2c00000|  0%| F|  |TS  0|AC  0|TAMS 0x00000006c2b00000, 0x00000006c2b00000|
|  16|0x00000006c2c00000, 0x00000006c2c00000, 0x00000006c2d00000|  0%| F|  |TS  0|AC  0|TAMS 0x00000006c2c00000, 0x00000006c2c00000|
|  17|0x00000006c2d00000, 0x00000006c2d00000, 0x00000006c2e00000|  0%| F|  |TS  0|AC  0|TAMS 0x00000006c2d00000, 0x00000006c2d00000|
|  18|0x00000006c2e00000, 0x00000006c2e00000, 0x00000006c2f00000|  0%| F|  |TS  0|AC  0|TAMS 0x00000006c2e00000, 0x00000006c2e00000|
|  19|0x00000006c2f00000, 0x00000006c2f00000, 0x00000006c3000000|  0%| F|  |TS  0|AC  0|TAMS 0x00000006c2f00000, 0x00000006c2f00000|
|  20|0x00000006c3000000, 0x00000006c3000000, 0x00000006c3100000|  0%| F|  |TS  0|AC  0|TAMS 0x00000006c3000000, 0x00000006c3000000|
|  21|0x00000006c3100000, 0x00000006c3100000, 0x00000006c3200000|  0%| F|  |TS  0|AC  0|TAMS 0x00000006c3100000, 0x00000006c3100000|
|  22|0x00000006c3200000, 0x00000006c3200000, 0x00000006c3300000|  0%| F|  |TS  0|AC  0|TAMS 0x00000006c3200000, 0x00000006c3200000|
|  23|0x00000006c3300000, 0x00000006c3300000, 0x00000006c3400000|  0%| F|  |TS  0|AC  0|TAMS 0x00000006c3300000, 0x00000006c3300000|
|  24|0x00000006c3400000, 0x00000006c3400000, 0x00000006c3500000|  0%| F|  |TS  0|AC  0|TAMS 0x00000006c3400000, 0x00000006c3400000|
|  25|0x00000006c3500000, 0x00000006c3500000, 0x00000006c3600000|  0%| F|  |TS  0|AC  0|TAMS 0x00000006c3500000, 0x00000006c3500000|
|  26|0x00000006c3600000, 0x00000006c3600000, 0x00000006c3700000|  0%| F|  |TS  0|AC  0|TAMS 0x00000006c3600000, 0x00000006c3600000|
|  27|0x00000006c3700000, 0x00000006c3700000, 0x00000006c3800000|  0%| F|  |TS  0|AC  0|TAMS 0x00000006c3700000, 0x00000006c3700000|
|  28|0x00000006c3800000, 0x00000006c3800000, 0x00000006c3900000|  0%| F|  |TS  0|AC  0|TAMS 0x00000006c3800000, 0x00000006c3800000|
|  29|0x00000006c3900000, 0x00000006c3900000, 0x00000006c3a00000|  0%| F|  |TS  0|AC  0|TAMS 0x00000006c3900000, 0x00000006c3900000|
|  30|0x00000006c3a00000, 0x00000006c3a00000, 0x00000006c3b00000|  0%| F|  |TS  0|AC  0|TAMS 0x00000006c3a00000, 0x00000006c3a00000|
|  31|0x00000006c3b00000, 0x00000006c3b00000, 0x00000006c3c00000|  0%| F|  |TS  0|AC  0|TAMS 0x00000006c3b00000, 0x00000006c3b00000|
|  32|0x00000006c3c00000, 0x00000006c3c00000, 0x00000006c3d00000|  0%| F|  |TS  0|AC  0|TAMS 0x00000006c3c00000, 0x00000006c3c00000|
|  33|0x00000006c3d00000, 0x00000006c3d00000, 0x00000006c3e00000|  0%| F|  |TS  0|AC  0|TAMS 0x00000006c3d00000, 0x00000006c3d00000|
|  34|0x00000006c3e00000, 0x00000006c3e00000, 0x00000006c3f00000|  0%| F|  |TS  0|AC  0|TAMS 0x00000006c3e00000, 0x00000006c3e00000|
|  35|0x00000006c3f00000, 0x00000006c3f00000, 0x00000006c4000000|  0%| F|  |TS  0|AC  0|TAMS 0x00000006c3f00000, 0x00000006c3f00000|
|  36|0x00000006c4000000, 0x00000006c4000000, 0x00000006c4100000|  0%| F|  |TS  0|AC  0|TAMS 0x00000006c4000000, 0x00000006c4000000|
|  37|0x00000006c4100000, 0x00000006c4100000, 0x00000006c4200000|  0%| F|  |TS  0|AC  0|TAMS 0x00000006c4100000, 0x00000006c4100000|
|  38|0x00000006c4200000, 0x00000006c4200000, 0x00000006c4300000|  0%| F|  |TS  0|AC  0|TAMS 0x00000006c4200000, 0x00000006c4200000|
|  39|0x00000006c4300000, 0x00000006c4300000, 0x00000006c4400000|  0%| F|  |TS  0|AC  0|TAMS 0x00000006c4300000, 0x00000006c4300000|
|  40|0x00000006c4400000, 0x00000006c4400000, 0x00000006c4500000|  0%| F|  |TS  0|AC  0|TAMS 0x00000006c4400000, 0x00000006c4400000|
|  41|0x00000006c4500000, 0x00000006c4500000, 0x00000006c4600000|  0%| F|  |TS  0|AC  0|TAMS 0x00000006c4500000, 0x00000006c4500000|
|  42|0x00000006c4600000, 0x00000006c4600000, 0x00000006c4700000|  0%| F|  |TS  0|AC  0|TAMS 0x00000006c4600000, 0x00000006c4600000|
|  43|0x00000006c4700000, 0x00000006c4700000, 0x00000006c4800000|  0%| F|  |TS  0|AC  0|TAMS 0x00000006c4700000, 0x00000006c4700000|
|  44|0x00000006c4800000, 0x00000006c4800000, 0x00000006c4900000|  0%| F|  |TS  0|AC  0|TAMS 0x00000006c4800000, 0x00000006c4800000|
|  45|0x00000006c4900000, 0x00000006c4900000, 0x00000006c4a00000|  0%| F|  |TS  0|AC  0|TAMS 0x00000006c4900000, 0x00000006c4900000|
|  46|0x00000006c4a00000, 0x00000006c4a00000, 0x00000006c4b00000|  0%| F|  |TS  0|AC  0|TAMS 0x00000006c4a00000, 0x00000006c4a00000|
|  47|0x00000006c4b00000, 0x00000006c4b00000, 0x00000006c4c00000|  0%| F|  |TS  0|AC  0|TAMS 0x00000006c4b00000, 0x00000006c4b00000|
|  48|0x00000006c4c00000, 0x00000006c4c00000, 0x00000006c4d00000|  0%| F|  |TS  0|AC  0|TAMS 0x00000006c4c00000, 0x00000006c4c00000|
|  49|0x00000006c4d00000, 0x00000006c4d00000, 0x00000006c4e00000|  0%| F|  |TS  0|AC  0|TAMS 0x00000006c4d00000, 0x00000006c4d00000|
|  50|0x00000006c4e00000, 0x00000006c4e00000, 0x00000006c4f00000|  0%| F|  |TS  0|AC  0|TAMS 0x00000006c4e00000, 0x00000006c4e00000|
|  51|0x00000006c4f00000, 0x00000006c4f00000, 0x00000006c5000000|  0%| F|  |TS  0|AC  0|TAMS 0x00000006c4f00000, 0x00000006c4f00000|
|  52|0x00000006c5000000, 0x00000006c5000000, 0x00000006c5100000|  0%| F|  |TS  0|AC  0|TAMS 0x00000006c5000000, 0x00000006c5000000|
|  53|0x00000006c5100000, 0x00000006c5100000, 0x00000006c5200000|  0%| F|  |TS  0|AC  0|TAMS 0x00000006c5100000, 0x00000006c5100000|
|  54|0x00000006c5200000, 0x00000006c5200000, 0x00000006c5300000|  0%| F|  |TS  0|AC  0|TAMS 0x00000006c5200000, 0x00000006c5200000|
|  55|0x00000006c5300000, 0x00000006c5300000, 0x00000006c5400000|  0%| F|  |TS  0|AC  0|TAMS 0x00000006c5300000, 0x00000006c5300000|
|  56|0x00000006c5400000, 0x00000006c5400000, 0x00000006c5500000|  0%| F|  |TS  0|AC  0|TAMS 0x00000006c5400000, 0x00000006c5400000|
|  57|0x00000006c5500000, 0x00000006c5500000, 0x00000006c5600000|  0%| F|  |TS  0|AC  0|TAMS 0x00000006c5500000, 0x00000006c5500000|
|  58|0x00000006c5600000, 0x00000006c5600000, 0x00000006c5700000|  0%| F|  |TS  0|AC  0|TAMS 0x00000006c5600000, 0x00000006c5600000|
|  59|0x00000006c5700000, 0x00000006c5700000, 0x00000006c5800000|  0%| F|  |TS  0|AC  0|TAMS 0x00000006c5700000, 0x00000006c5700000|
|  60|0x00000006c5800000, 0x00000006c5800000, 0x00000006c5900000|  0%| F|  |TS  0|AC  0|TAMS 0x00000006c5800000, 0x00000006c5800000|
|  61|0x00000006c5900000, 0x00000006c5900000, 0x00000006c5a00000|  0%| F|  |TS  0|AC  0|TAMS 0x00000006c5900000, 0x00000006c5900000|
|  62|0x00000006c5a00000, 0x00000006c5a00000, 0x00000006c5b00000|  0%| F|  |TS  0|AC  0|TAMS 0x00000006c5a00000, 0x00000006c5a00000|
|  63|0x00000006c5b00000, 0x00000006c5b00000, 0x00000006c5c00000|  0%| F|  |TS  0|AC  0|TAMS 0x00000006c5b00000, 0x00000006c5b00000|
|  64|0x00000006c5c00000, 0x00000006c5c00000, 0x00000006c5d00000|  0%| F|  |TS  0|AC  0|TAMS 0x00000006c5c00000, 0x00000006c5c00000|
|  65|0x00000006c5d00000, 0x00000006c5d00000, 0x00000006c5e00000|  0%| F|  |TS  0|AC  0|TAMS 0x00000006c5d00000, 0x00000006c5d00000|
|  66|0x00000006c5e00000, 0x00000006c5e00000, 0x00000006c5f00000|  0%| F|  |TS  0|AC  0|TAMS 0x00000006c5e00000, 0x00000006c5e00000|
|  67|0x00000006c5f00000, 0x00000006c5f00000, 0x00000006c6000000|  0%| F|  |TS  0|AC  0|TAMS 0x00000006c5f00000, 0x00000006c5f00000|
|  68|0x00000006c6000000, 0x00000006c6000000, 0x00000006c6100000|  0%| F|  |TS  0|AC  0|TAMS 0x00000006c6000000, 0x00000006c6000000|
|  69|0x00000006c6100000, 0x00000006c6100000, 0x00000006c6200000|  0%| F|  |TS  0|AC  0|TAMS 0x00000006c6100000, 0x00000006c6100000|
|  70|0x00000006c6200000, 0x00000006c6200000, 0x00000006c6300000|  0%| F|  |TS  0|AC  0|TAMS 0x00000006c6200000, 0x00000006c6200000|
|  71|0x00000006c6300000, 0x00000006c6300000, 0x00000006c6400000|  0%| F|  |TS  0|AC  0|TAMS 0x00000006c6300000, 0x00000006c6300000|
|  72|0x00000006c6400000, 0x00000006c6400000, 0x00000006c6500000|  0%| F|  |TS  0|AC  0|TAMS 0x00000006c6400000, 0x00000006c6400000|
|  73|0x00000006c6500000, 0x00000006c6500000, 0x00000006c6600000|  0%| F|  |TS  0|AC  0|TAMS 0x00000006c6500000, 0x00000006c6500000|
|  74|0x00000006c6600000, 0x00000006c6600000, 0x00000006c6700000|  0%| F|  |TS  0|AC  0|TAMS 0x00000006c6600000, 0x00000006c6600000|
|  75|0x00000006c6700000, 0x00000006c6700000, 0x00000006c6800000|  0%| F|  |TS  0|AC  0|TAMS 0x00000006c6700000, 0x00000006c6700000|
|  76|0x00000006c6800000, 0x00000006c6800000, 0x00000006c6900000|  0%| F|  |TS  0|AC  0|TAMS 0x00000006c6800000, 0x00000006c6800000|
|  77|0x00000006c6900000, 0x00000006c6900000, 0x00000006c6a00000|  0%| F|  |TS  0|AC  0|TAMS 0x00000006c6900000, 0x00000006c6900000|
|  78|0x00000006c6a00000, 0x00000006c6a00000, 0x00000006c6b00000|  0%| F|  |TS  0|AC  0|TAMS 0x00000006c6a00000, 0x00000006c6a00000|
|  79|0x00000006c6b00000, 0x00000006c6b00000, 0x00000006c6c00000|  0%| F|  |TS  0|AC  0|TAMS 0x00000006c6b00000, 0x00000006c6b00000|
|  80|0x00000006c6c00000, 0x00000006c6c00000, 0x00000006c6d00000|  0%| F|  |TS  0|AC  0|TAMS 0x00000006c6c00000, 0x00000006c6c00000|
|  81|0x00000006c6d00000, 0x00000006c6d00000, 0x00000006c6e00000|  0%| F|  |TS  0|AC  0|TAMS 0x00000006c6d00000, 0x00000006c6d00000|
|  82|0x00000006c6e00000, 0x00000006c6e00000, 0x00000006c6f00000|  0%| F|  |TS  0|AC  0|TAMS 0x00000006c6e00000, 0x00000006c6e00000|
|  83|0x00000006c6f00000, 0x00000006c6f00000, 0x00000006c7000000|  0%| F|  |TS  0|AC  0|TAMS 0x00000006c6f00000, 0x00000006c6f00000|
|  84|0x00000006c7000000, 0x00000006c7000000, 0x00000006c7100000|  0%| F|  |TS  0|AC  0|TAMS 0x00000006c7000000, 0x00000006c7000000|
|  85|0x00000006c7100000, 0x00000006c7100000, 0x00000006c7200000|  0%| F|  |TS  0|AC  0|TAMS 0x00000006c7100000, 0x00000006c7100000|
|  86|0x00000006c7200000, 0x00000006c7200000, 0x00000006c7300000|  0%| F|  |TS  0|AC  0|TAMS 0x00000006c7200000, 0x00000006c7200000|
|  87|0x00000006c7300000, 0x00000006c7300000, 0x00000006c7400000|  0%| F|  |TS  0|AC  0|TAMS 0x00000006c7300000, 0x00000006c7300000|
|  88|0x00000006c7400000, 0x00000006c7400000, 0x00000006c7500000|  0%| F|  |TS  0|AC  0|TAMS 0x00000006c7400000, 0x00000006c7400000|
|  89|0x00000006c7500000, 0x00000006c7500000, 0x00000006c7600000|  0%| F|  |TS  0|AC  0|TAMS 0x00000006c7500000, 0x00000006c7500000|
|  90|0x00000006c7600000, 0x00000006c7600000, 0x00000006c7700000|  0%| F|  |TS  0|AC  0|TAMS 0x00000006c7600000, 0x00000006c7600000|
|  91|0x00000006c7700000, 0x00000006c7700000, 0x00000006c7800000|  0%| F|  |TS  0|AC  0|TAMS 0x00000006c7700000, 0x00000006c7700000|
|  92|0x00000006c7800000, 0x00000006c7800000, 0x00000006c7900000|  0%| F|  |TS  0|AC  0|TAMS 0x00000006c7800000, 0x00000006c7800000|
|  93|0x00000006c7900000, 0x00000006c7900000, 0x00000006c7a00000|  0%| F|  |TS  0|AC  0|TAMS 0x00000006c7900000, 0x00000006c7900000|
|  94|0x00000006c7a00000, 0x00000006c7a00000, 0x00000006c7b00000|  0%| F|  |TS  0|AC  0|TAMS 0x00000006c7a00000, 0x00000006c7a00000|
|  95|0x00000006c7b00000, 0x00000006c7b00000, 0x00000006c7c00000|  0%| F|  |TS  0|AC  0|TAMS 0x00000006c7b00000, 0x00000006c7b00000|
|  96|0x00000006c7c00000, 0x00000006c7c00000, 0x00000006c7d00000|  0%| F|  |TS  0|AC  0|TAMS 0x00000006c7c00000, 0x00000006c7c00000|
|  97|0x00000006c7d00000, 0x00000006c7d00000, 0x00000006c7e00000|  0%| F|  |TS  0|AC  0|TAMS 0x00000006c7d00000, 0x00000006c7d00000|
|  98|0x00000006c7e00000, 0x00000006c7e00000, 0x00000006c7f00000|  0%| F|  |TS  0|AC  0|TAMS 0x00000006c7e00000, 0x00000006c7e00000|
|  99|0x00000006c7f00000, 0x00000006c7f00000, 0x00000006c8000000|  0%| F|  |TS  0|AC  0|TAMS 0x00000006c7f00000, 0x00000006c7f00000|
| 100|0x00000006c8000000, 0x00000006c8000000, 0x00000006c8100000|  0%| F|  |TS  0|AC  0|TAMS 0x00000006c8000000, 0x00000006c8000000|
| 101|0x00000006c8100000, 0x00000006c8100000, 0x00000006c8200000|  0%| F|  |TS  0|AC  0|TAMS 0x00000006c8100000, 0x00000006c8100000|
| 102|0x00000006c8200000, 0x00000006c8200000, 0x00000006c8300000|  0%| F|  |TS  0|AC  0|TAMS 0x00000006c8200000, 0x00000006c8200000|
| 103|0x00000006c8300000, 0x00000006c8300000, 0x00000006c8400000|  0%| F|  |TS  0|AC  0|TAMS 0x00000006c8300000, 0x00000006c8300000|
| 104|0x00000006c8400000, 0x00000006c8400000, 0x00000006c8500000|  0%| F|  |TS  0|AC  0|TAMS 0x00000006c8400000, 0x00000006c8400000|
| 105|0x00000006c8500000, 0x00000006c8500000, 0x00000006c8600000|  0%| F|  |TS  0|AC  0|TAMS 0x00000006c8500000, 0x00000006c8500000|
| 106|0x00000006c8600000, 0x00000006c8600000, 0x00000006c8700000|  0%| F|  |TS  0|AC  0|TAMS 0x00000006c8600000, 0x00000006c8600000|
| 107|0x00000006c8700000, 0x00000006c8700000, 0x00000006c8800000|  0%| F|  |TS  0|AC  0|TAMS 0x00000006c8700000, 0x00000006c8700000|
| 108|0x00000006c8800000, 0x00000006c8800000, 0x00000006c8900000|  0%| F|  |TS  0|AC  0|TAMS 0x00000006c8800000, 0x00000006c8800000|
| 109|0x00000006c8900000, 0x00000006c8900000, 0x00000006c8a00000|  0%| F|  |TS  0|AC  0|TAMS 0x00000006c8900000, 0x00000006c8900000|
| 110|0x00000006c8a00000, 0x00000006c8a00000, 0x00000006c8b00000|  0%| F|  |TS  0|AC  0|TAMS 0x00000006c8a00000, 0x00000006c8a00000|
| 111|0x00000006c8b00000, 0x00000006c8b00000, 0x00000006c8c00000|  0%| F|  |TS  0|AC  0|TAMS 0x00000006c8b00000, 0x00000006c8b00000|
| 112|0x00000006c8c00000, 0x00000006c8c00000, 0x00000006c8d00000|  0%| F|  |TS  0|AC  0|TAMS 0x00000006c8c00000, 0x00000006c8c00000|
| 113|0x00000006c8d00000, 0x00000006c8d00000, 0x00000006c8e00000|  0%| F|  |TS  0|AC  0|TAMS 0x00000006c8d00000, 0x00000006c8d00000|
| 114|0x00000006c8e00000, 0x00000006c8e00000, 0x00000006c8f00000|  0%| F|  |TS  0|AC  0|TAMS 0x00000006c8e00000, 0x00000006c8e00000|
| 115|0x00000006c8f00000, 0x00000006c8f00000, 0x00000006c9000000|  0%| F|  |TS  0|AC  0|TAMS 0x00000006c8f00000, 0x00000006c8f00000|
| 116|0x00000006c9000000, 0x00000006c9000000, 0x00000006c9100000|  0%| F|  |TS  0|AC  0|TAMS 0x00000006c9000000, 0x00000006c9000000|
| 117|0x00000006c9100000, 0x00000006c9100000, 0x00000006c9200000|  0%| F|  |TS  0|AC  0|TAMS 0x00000006c9100000, 0x00000006c9100000|
| 118|0x00000006c9200000, 0x00000006c9200000, 0x00000006c9300000|  0%| F|  |TS  0|AC  0|TAMS 0x00000006c9200000, 0x00000006c9200000|
| 119|0x00000006c9300000, 0x00000006c9300000, 0x00000006c9400000|  0%| F|  |TS  0|AC  0|TAMS 0x00000006c9300000, 0x00000006c9300000|
| 120|0x00000006c9400000, 0x00000006c9400000, 0x00000006c9500000|  0%| F|  |TS  0|AC  0|TAMS 0x00000006c9400000, 0x00000006c9400000|
| 121|0x00000006c9500000, 0x00000006c9500000, 0x00000006c9600000|  0%| F|  |TS  0|AC  0|TAMS 0x00000006c9500000, 0x00000006c9500000|
| 122|0x00000006c9600000, 0x00000006c9600000, 0x00000006c9700000|  0%| F|  |TS  0|AC  0|TAMS 0x00000006c9600000, 0x00000006c9600000|
| 123|0x00000006c9700000, 0x00000006c9700000, 0x00000006c9800000|  0%| F|  |TS  0|AC  0|TAMS 0x00000006c9700000, 0x00000006c9700000|
| 124|0x00000006c9800000, 0x00000006c9800000, 0x00000006c9900000|  0%| F|  |TS  0|AC  0|TAMS 0x00000006c9800000, 0x00000006c9800000|
| 125|0x00000006c9900000, 0x00000006c9900000, 0x00000006c9a00000|  0%| F|  |TS  0|AC  0|TAMS 0x00000006c9900000, 0x00000006c9900000|
| 126|0x00000006c9a00000, 0x00000006c9a00000, 0x00000006c9b00000|  0%| F|  |TS  0|AC  0|TAMS 0x00000006c9a00000, 0x00000006c9a00000|
| 127|0x00000006c9b00000, 0x00000006c9b00000, 0x00000006c9c00000|  0%| F|  |TS  0|AC  0|TAMS 0x00000006c9b00000, 0x00000006c9b00000|
| 128|0x00000006c9c00000, 0x00000006c9c00000, 0x00000006c9d00000|  0%| F|  |TS  0|AC  0|TAMS 0x00000006c9c00000, 0x00000006c9c00000|
| 129|0x00000006c9d00000, 0x00000006c9d00000, 0x00000006c9e00000|  0%| F|  |TS  0|AC  0|TAMS 0x00000006c9d00000, 0x00000006c9d00000|
| 130|0x00000006c9e00000, 0x00000006c9e00000, 0x00000006c9f00000|  0%| F|  |TS  0|AC  0|TAMS 0x00000006c9e00000, 0x00000006c9e00000|
| 131|0x00000006c9f00000, 0x00000006c9f00000, 0x00000006ca000000|  0%| F|  |TS  0|AC  0|TAMS 0x00000006c9f00000, 0x00000006c9f00000|
| 132|0x00000006ca000000, 0x00000006ca000000, 0x00000006ca100000|  0%| F|  |TS  0|AC  0|TAMS 0x00000006ca000000, 0x00000006ca000000|
| 133|0x00000006ca100000, 0x00000006ca100000, 0x00000006ca200000|  0%| F|  |TS  0|AC  0|TAMS 0x00000006ca100000, 0x00000006ca100000|
| 134|0x00000006ca200000, 0x00000006ca200000, 0x00000006ca300000|  0%| F|  |TS  0|AC  0|TAMS 0x00000006ca200000, 0x00000006ca200000|
| 135|0x00000006ca300000, 0x00000006ca300000, 0x00000006ca400000|  0%| F|  |TS  0|AC  0|TAMS 0x00000006ca300000, 0x00000006ca300000|
| 136|0x00000006ca400000, 0x00000006ca400000, 0x00000006ca500000|  0%| F|  |TS  0|AC  0|TAMS 0x00000006ca400000, 0x00000006ca400000|
| 137|0x00000006ca500000, 0x00000006ca500000, 0x00000006ca600000|  0%| F|  |TS  0|AC  0|TAMS 0x00000006ca500000, 0x00000006ca500000|
| 138|0x00000006ca600000, 0x00000006ca600000, 0x00000006ca700000|  0%| F|  |TS  0|AC  0|TAMS 0x00000006ca600000, 0x00000006ca600000|
| 139|0x00000006ca700000, 0x00000006ca700000, 0x00000006ca800000|  0%| F|  |TS  0|AC  0|TAMS 0x00000006ca700000, 0x00000006ca700000|
| 140|0x00000006ca800000, 0x00000006ca800000, 0x00000006ca900000|  0%| F|  |TS  0|AC  0|TAMS 0x00000006ca800000, 0x00000006ca800000|
| 141|0x00000006ca900000, 0x00000006ca900000, 0x00000006caa00000|  0%| F|  |TS  0|AC  0|TAMS 0x00000006ca900000, 0x00000006ca900000|
| 142|0x00000006caa00000, 0x00000006caa00000, 0x00000006cab00000|  0%| F|  |TS  0|AC  0|TAMS 0x00000006caa00000, 0x00000006caa00000|
| 143|0x00000006cab00000, 0x00000006cab00000, 0x00000006cac00000|  0%| F|  |TS  0|AC  0|TAMS 0x00000006cab00000, 0x00000006cab00000|
| 144|0x00000006cac00000, 0x00000006cac00000, 0x00000006cad00000|  0%| F|  |TS  0|AC  0|TAMS 0x00000006cac00000, 0x00000006cac00000|
| 145|0x00000006cad00000, 0x00000006cad00000, 0x00000006cae00000|  0%| F|  |TS  0|AC  0|TAMS 0x00000006cad00000, 0x00000006cad00000|
| 146|0x00000006cae00000, 0x00000006cae00000, 0x00000006caf00000|  0%| F|  |TS  0|AC  0|TAMS 0x00000006cae00000, 0x00000006cae00000|
| 147|0x00000006caf00000, 0x00000006caf00000, 0x00000006cb000000|  0%| F|  |TS  0|AC  0|TAMS 0x00000006caf00000, 0x00000006caf00000|
| 148|0x00000006cb000000, 0x00000006cb000000, 0x00000006cb100000|  0%| F|  |TS  0|AC  0|TAMS 0x00000006cb000000, 0x00000006cb000000|
| 149|0x00000006cb100000, 0x00000006cb100000, 0x00000006cb200000|  0%| F|  |TS  0|AC  0|TAMS 0x00000006cb100000, 0x00000006cb100000|
| 150|0x00000006cb200000, 0x00000006cb200000, 0x00000006cb300000|  0%| F|  |TS  0|AC  0|TAMS 0x00000006cb200000, 0x00000006cb200000|
| 151|0x00000006cb300000, 0x00000006cb300000, 0x00000006cb400000|  0%| F|  |TS  0|AC  0|TAMS 0x00000006cb300000, 0x00000006cb300000|
| 152|0x00000006cb400000, 0x00000006cb400000, 0x00000006cb500000|  0%| F|  |TS  0|AC  0|TAMS 0x00000006cb400000, 0x00000006cb400000|
| 153|0x00000006cb500000, 0x00000006cb500000, 0x00000006cb600000|  0%| F|  |TS  0|AC  0|TAMS 0x00000006cb500000, 0x00000006cb500000|
| 154|0x00000006cb600000, 0x00000006cb600000, 0x00000006cb700000|  0%| F|  |TS  0|AC  0|TAMS 0x00000006cb600000, 0x00000006cb600000|
| 155|0x00000006cb700000, 0x00000006cb700000, 0x00000006cb800000|  0%| F|  |TS  0|AC  0|TAMS 0x00000006cb700000, 0x00000006cb700000|
| 156|0x00000006cb800000, 0x00000006cb800000, 0x00000006cb900000|  0%| F|  |TS  0|AC  0|TAMS 0x00000006cb800000, 0x00000006cb800000|
| 157|0x00000006cb900000, 0x00000006cb900000, 0x00000006cba00000|  0%| F|  |TS  0|AC  0|TAMS 0x00000006cb900000, 0x00000006cb900000|
| 158|0x00000006cba00000, 0x00000006cba00000, 0x00000006cbb00000|  0%| F|  |TS  0|AC  0|TAMS 0x00000006cba00000, 0x00000006cba00000|
| 159|0x00000006cbb00000, 0x00000006cbb00000, 0x00000006cbc00000|  0%| F|  |TS  0|AC  0|TAMS 0x00000006cbb00000, 0x00000006cbb00000|
| 160|0x00000006cbc00000, 0x00000006cbc00000, 0x00000006cbd00000|  0%| F|  |TS  0|AC  0|TAMS 0x00000006cbc00000, 0x00000006cbc00000|
| 161|0x00000006cbd00000, 0x00000006cbd00000, 0x00000006cbe00000|  0%| F|  |TS  0|AC  0|TAMS 0x00000006cbd00000, 0x00000006cbd00000|
| 162|0x00000006cbe00000, 0x00000006cbe00000, 0x00000006cbf00000|  0%| F|  |TS  0|AC  0|TAMS 0x00000006cbe00000, 0x00000006cbe00000|
| 163|0x00000006cbf00000, 0x00000006cbf00000, 0x00000006cc000000|  0%| F|  |TS  0|AC  0|TAMS 0x00000006cbf00000, 0x00000006cbf00000|
| 164|0x00000006cc000000, 0x00000006cc000000, 0x00000006cc100000|  0%| F|  |TS  0|AC  0|TAMS 0x00000006cc000000, 0x00000006cc000000|
| 165|0x00000006cc100000, 0x00000006cc100000, 0x00000006cc200000|  0%| F|  |TS  0|AC  0|TAMS 0x00000006cc100000, 0x00000006cc100000|
| 166|0x00000006cc200000, 0x00000006cc200000, 0x00000006cc300000|  0%| F|  |TS  0|AC  0|TAMS 0x00000006cc200000, 0x00000006cc200000|
| 167|0x00000006cc300000, 0x00000006cc300000, 0x00000006cc400000|  0%| F|  |TS  0|AC  0|TAMS 0x00000006cc300000, 0x00000006cc300000|
| 168|0x00000006cc400000, 0x00000006cc400000, 0x00000006cc500000|  0%| F|  |TS  0|AC  0|TAMS 0x00000006cc400000, 0x00000006cc400000|
| 169|0x00000006cc500000, 0x00000006cc500000, 0x00000006cc600000|  0%| F|  |TS  0|AC  0|TAMS 0x00000006cc500000, 0x00000006cc500000|
| 170|0x00000006cc600000, 0x00000006cc600000, 0x00000006cc700000|  0%| F|  |TS  0|AC  0|TAMS 0x00000006cc600000, 0x00000006cc600000|
| 171|0x00000006cc700000, 0x00000006cc700000, 0x00000006cc800000|  0%| F|  |TS  0|AC  0|TAMS 0x00000006cc700000, 0x00000006cc700000|
| 172|0x00000006cc800000, 0x00000006cc800000, 0x00000006cc900000|  0%| F|  |TS  0|AC  0|TAMS 0x00000006cc800000, 0x00000006cc800000|
| 173|0x00000006cc900000, 0x00000006cc900000, 0x00000006cca00000|  0%| F|  |TS  0|AC  0|TAMS 0x00000006cc900000, 0x00000006cc900000|
| 174|0x00000006cca00000, 0x00000006cca00000, 0x00000006ccb00000|  0%| F|  |TS  0|AC  0|TAMS 0x00000006cca00000, 0x00000006cca00000|
| 175|0x00000006ccb00000, 0x00000006ccb00000, 0x00000006ccc00000|  0%| F|  |TS  0|AC  0|TAMS 0x00000006ccb00000, 0x00000006ccb00000|
| 176|0x00000006ccc00000, 0x00000006ccc00000, 0x00000006ccd00000|  0%| F|  |TS  0|AC  0|TAMS 0x00000006ccc00000, 0x00000006ccc00000|
| 177|0x00000006ccd00000, 0x00000006ccd00000, 0x00000006cce00000|  0%| F|  |TS  0|AC  0|TAMS 0x00000006ccd00000, 0x00000006ccd00000|
| 178|0x00000006cce00000, 0x00000006cce00000, 0x00000006ccf00000|  0%| F|  |TS  0|AC  0|TAMS 0x00000006cce00000, 0x00000006cce00000|
| 179|0x00000006ccf00000, 0x00000006ccf00000, 0x00000006cd000000|  0%| F|  |TS  0|AC  0|TAMS 0x00000006ccf00000, 0x00000006ccf00000|
| 180|0x00000006cd000000, 0x00000006cd000000, 0x00000006cd100000|  0%| F|  |TS  0|AC  0|TAMS 0x00000006cd000000, 0x00000006cd000000|
| 181|0x00000006cd100000, 0x00000006cd100000, 0x00000006cd200000|  0%| F|  |TS  0|AC  0|TAMS 0x00000006cd100000, 0x00000006cd100000|
| 182|0x00000006cd200000, 0x00000006cd200000, 0x00000006cd300000|  0%| F|  |TS  0|AC  0|TAMS 0x00000006cd200000, 0x00000006cd200000|
| 183|0x00000006cd300000, 0x00000006cd300000, 0x00000006cd400000|  0%| F|  |TS  0|AC  0|TAMS 0x00000006cd300000, 0x00000006cd300000|
| 184|0x00000006cd400000, 0x00000006cd400000, 0x00000006cd500000|  0%| F|  |TS  0|AC  0|TAMS 0x00000006cd400000, 0x00000006cd400000|
| 185|0x00000006cd500000, 0x00000006cd500000, 0x00000006cd600000|  0%| F|  |TS  0|AC  0|TAMS 0x00000006cd500000, 0x00000006cd500000|
| 186|0x00000006cd600000, 0x00000006cd600000, 0x00000006cd700000|  0%| F|  |TS  0|AC  0|TAMS 0x00000006cd600000, 0x00000006cd600000|
| 187|0x00000006cd700000, 0x00000006cd700000, 0x00000006cd800000|  0%| F|  |TS  0|AC  0|TAMS 0x00000006cd700000, 0x00000006cd700000|
| 188|0x00000006cd800000, 0x00000006cd800000, 0x00000006cd900000|  0%| F|  |TS  0|AC  0|TAMS 0x00000006cd800000, 0x00000006cd800000|
| 189|0x00000006cd900000, 0x00000006cd900000, 0x00000006cda00000|  0%| F|  |TS  0|AC  0|TAMS 0x00000006cd900000, 0x00000006cd900000|
| 190|0x00000006cda00000, 0x00000006cda00000, 0x00000006cdb00000|  0%| F|  |TS  0|AC  0|TAMS 0x00000006cda00000, 0x00000006cda00000|
| 191|0x00000006cdb00000, 0x00000006cdb00000, 0x00000006cdc00000|  0%| F|  |TS  0|AC  0|TAMS 0x00000006cdb00000, 0x00000006cdb00000|
| 192|0x00000006cdc00000, 0x00000006cdc00000, 0x00000006cdd00000|  0%| F|  |TS  0|AC  0|TAMS 0x00000006cdc00000, 0x00000006cdc00000|
| 193|0x00000006cdd00000, 0x00000006cdd00000, 0x00000006cde00000|  0%| F|  |TS  0|AC  0|TAMS 0x00000006cdd00000, 0x00000006cdd00000|
| 194|0x00000006cde00000, 0x00000006cde00000, 0x00000006cdf00000|  0%| F|  |TS  0|AC  0|TAMS 0x00000006cde00000, 0x00000006cde00000|
| 195|0x00000006cdf00000, 0x00000006cdf00000, 0x00000006ce000000|  0%| F|  |TS  0|AC  0|TAMS 0x00000006cdf00000, 0x00000006cdf00000|
| 196|0x00000006ce000000, 0x00000006ce000000, 0x00000006ce100000|  0%| F|  |TS  0|AC  0|TAMS 0x00000006ce000000, 0x00000006ce000000|
| 197|0x00000006ce100000, 0x00000006ce100000, 0x00000006ce200000|  0%| F|  |TS  0|AC  0|TAMS 0x00000006ce100000, 0x00000006ce100000|
| 198|0x00000006ce200000, 0x00000006ce200000, 0x00000006ce300000|  0%| F|  |TS  0|AC  0|TAMS 0x00000006ce200000, 0x00000006ce200000|
| 199|0x00000006ce300000, 0x00000006ce300000, 0x00000006ce400000|  0%| F|  |TS  0|AC  0|TAMS 0x00000006ce300000, 0x00000006ce300000|
| 200|0x00000006ce400000, 0x00000006ce400000, 0x00000006ce500000|  0%| F|  |TS  0|AC  0|TAMS 0x00000006ce400000, 0x00000006ce400000|
| 201|0x00000006ce500000, 0x00000006ce500000, 0x00000006ce600000|  0%| F|  |TS  0|AC  0|TAMS 0x00000006ce500000, 0x00000006ce500000|
| 202|0x00000006ce600000, 0x00000006ce600000, 0x00000006ce700000|  0%| F|  |TS  0|AC  0|TAMS 0x00000006ce600000, 0x00000006ce600000|
| 203|0x00000006ce700000, 0x00000006ce700000, 0x00000006ce800000|  0%| F|  |TS  0|AC  0|TAMS 0x00000006ce700000, 0x00000006ce700000|
| 204|0x00000006ce800000, 0x00000006ce800000, 0x00000006ce900000|  0%| F|  |TS  0|AC  0|TAMS 0x00000006ce800000, 0x00000006ce800000|
| 205|0x00000006ce900000, 0x00000006ce900000, 0x00000006cea00000|  0%| F|  |TS  0|AC  0|TAMS 0x00000006ce900000, 0x00000006ce900000|
| 206|0x00000006cea00000, 0x00000006cea00000, 0x00000006ceb00000|  0%| F|  |TS  0|AC  0|TAMS 0x00000006cea00000, 0x00000006cea00000|
| 207|0x00000006ceb00000, 0x00000006ceb00000, 0x00000006cec00000|  0%| F|  |TS  0|AC  0|TAMS 0x00000006ceb00000, 0x00000006ceb00000|
| 208|0x00000006cec00000, 0x00000006cec00000, 0x00000006ced00000|  0%| F|  |TS  0|AC  0|TAMS 0x00000006cec00000, 0x00000006cec00000|
| 209|0x00000006ced00000, 0x00000006ced00000, 0x00000006cee00000|  0%| F|  |TS  0|AC  0|TAMS 0x00000006ced00000, 0x00000006ced00000|
| 210|0x00000006cee00000, 0x00000006cee00000, 0x00000006cef00000|  0%| F|  |TS  0|AC  0|TAMS 0x00000006cee00000, 0x00000006cee00000|
| 211|0x00000006cef00000, 0x00000006cef00000, 0x00000006cf000000|  0%| F|  |TS  0|AC  0|TAMS 0x00000006cef00000, 0x00000006cef00000|
| 212|0x00000006cf000000, 0x00000006cf000000, 0x00000006cf100000|  0%| F|  |TS  0|AC  0|TAMS 0x00000006cf000000, 0x00000006cf000000|
| 213|0x00000006cf100000, 0x00000006cf100000, 0x00000006cf200000|  0%| F|  |TS  0|AC  0|TAMS 0x00000006cf100000, 0x00000006cf100000|
| 214|0x00000006cf200000, 0x00000006cf200000, 0x00000006cf300000|  0%| F|  |TS  0|AC  0|TAMS 0x00000006cf200000, 0x00000006cf200000|
| 215|0x00000006cf300000, 0x00000006cf300000, 0x00000006cf400000|  0%| F|  |TS  0|AC  0|TAMS 0x00000006cf300000, 0x00000006cf300000|
| 216|0x00000006cf400000, 0x00000006cf400000, 0x00000006cf500000|  0%| F|  |TS  0|AC  0|TAMS 0x00000006cf400000, 0x00000006cf400000|
| 217|0x00000006cf500000, 0x00000006cf500000, 0x00000006cf600000|  0%| F|  |TS  0|AC  0|TAMS 0x00000006cf500000, 0x00000006cf500000|
| 218|0x00000006cf600000, 0x00000006cf600000, 0x00000006cf700000|  0%| F|  |TS  0|AC  0|TAMS 0x00000006cf600000, 0x00000006cf600000|
| 219|0x00000006cf700000, 0x00000006cf700000, 0x00000006cf800000|  0%| F|  |TS  0|AC  0|TAMS 0x00000006cf700000, 0x00000006cf700000|
| 220|0x00000006cf800000, 0x00000006cf800000, 0x00000006cf900000|  0%| F|  |TS  0|AC  0|TAMS 0x00000006cf800000, 0x00000006cf800000|
| 221|0x00000006cf900000, 0x00000006cf900000, 0x00000006cfa00000|  0%| F|  |TS  0|AC  0|TAMS 0x00000006cf900000, 0x00000006cf900000|
| 222|0x00000006cfa00000, 0x00000006cfa00000, 0x00000006cfb00000|  0%| F|  |TS  0|AC  0|TAMS 0x00000006cfa00000, 0x00000006cfa00000|
| 223|0x00000006cfb00000, 0x00000006cfb00000, 0x00000006cfc00000|  0%| F|  |TS  0|AC  0|TAMS 0x00000006cfb00000, 0x00000006cfb00000|
| 224|0x00000006cfc00000, 0x00000006cfc00000, 0x00000006cfd00000|  0%| F|  |TS  0|AC  0|TAMS 0x00000006cfc00000, 0x00000006cfc00000|
| 225|0x00000006cfd00000, 0x00000006cfd00000, 0x00000006cfe00000|  0%| F|  |TS  0|AC  0|TAMS 0x00000006cfd00000, 0x00000006cfd00000|
| 226|0x00000006cfe00000, 0x00000006cfe00000, 0x00000006cff00000|  0%| F|  |TS  0|AC  0|TAMS 0x00000006cfe00000, 0x00000006cfe00000|
| 227|0x00000006cff00000, 0x00000006cff00000, 0x00000006d0000000|  0%| F|  |TS  0|AC  0|TAMS 0x00000006cff00000, 0x00000006cff00000|
| 228|0x00000006d0000000, 0x00000006d0000000, 0x00000006d0100000|  0%| F|  |TS  0|AC  0|TAMS 0x00000006d0000000, 0x00000006d0000000|
| 229|0x00000006d0100000, 0x00000006d0180800, 0x00000006d0200000| 50%| E|  |TS  0|AC  0|TAMS 0x00000006d0100000, 0x00000006d0100000|
| 230|0x00000006d0200000, 0x00000006d0300000, 0x00000006d0300000|100%| E|CS|TS  0|AC  0|TAMS 0x00000006d0200000, 0x00000006d0200000|
| 231|0x00000006d0300000, 0x00000006d0400000, 0x00000006d0400000|100%| E|CS|TS  0|AC  0|TAMS 0x00000006d0300000, 0x00000006d0300000|
| 232|0x00000006d0400000, 0x00000006d0500000, 0x00000006d0500000|100%| E|CS|TS  0|AC  0|TAMS 0x00000006d0400000, 0x00000006d0400000|
| 233|0x00000006d0500000, 0x00000006d0600000, 0x00000006d0600000|100%| E|CS|TS  0|AC  0|TAMS 0x00000006d0500000, 0x00000006d0500000|
| 234|0x00000006d0600000, 0x00000006d0700000, 0x00000006d0700000|100%| E|CS|TS  0|AC  0|TAMS 0x00000006d0600000, 0x00000006d0600000|
| 235|0x00000006d0700000, 0x00000006d0800000, 0x00000006d0800000|100%| E|CS|TS  0|AC  0|TAMS 0x00000006d0700000, 0x00000006d0700000|
| 236|0x00000006d0800000, 0x00000006d0900000, 0x00000006d0900000|100%| E|CS|TS  0|AC  0|TAMS 0x00000006d0800000, 0x00000006d0800000|
| 237|0x00000006d0900000, 0x00000006d0a00000, 0x00000006d0a00000|100%| E|CS|TS  0|AC  0|TAMS 0x00000006d0900000, 0x00000006d0900000|
| 238|0x00000006d0a00000, 0x00000006d0b00000, 0x00000006d0b00000|100%| E|CS|TS  0|AC  0|TAMS 0x00000006d0a00000, 0x00000006d0a00000|
| 239|0x00000006d0b00000, 0x00000006d0c00000, 0x00000006d0c00000|100%| E|CS|TS  0|AC  0|TAMS 0x00000006d0b00000, 0x00000006d0b00000|
| 240|0x00000006d0c00000, 0x00000006d0d00000, 0x00000006d0d00000|100%| E|CS|TS  0|AC  0|TAMS 0x00000006d0c00000, 0x00000006d0c00000|
| 241|0x00000006d0d00000, 0x00000006d0e00000, 0x00000006d0e00000|100%| E|CS|TS  0|AC  0|TAMS 0x00000006d0d00000, 0x00000006d0d00000|
| 242|0x00000006d0e00000, 0x00000006d0f00000, 0x00000006d0f00000|100%| E|CS|TS  0|AC  0|TAMS 0x00000006d0e00000, 0x00000006d0e00000|
| 243|0x00000006d0f00000, 0x00000006d1000000, 0x00000006d1000000|100%| E|CS|TS  0|AC  0|TAMS 0x00000006d0f00000, 0x00000006d0f00000|
| 244|0x00000006d1000000, 0x00000006d10df640, 0x00000006d1100000| 87%| S|CS|TS  0|AC  0|TAMS 0x00000006d1000000, 0x00000006d1000000|
| 245|0x00000006d1100000, 0x00000006d1200000, 0x00000006d1200000|100%| S|CS|TS  0|AC  0|TAMS 0x00000006d1100000, 0x00000006d1100000|
| 246|0x00000006d1200000, 0x00000006d1300000, 0x00000006d1300000|100%| S|CS|TS  0|AC  0|TAMS 0x00000006d1200000, 0x00000006d1200000|
| 247|0x00000006d1300000, 0x00000006d1400000, 0x00000006d1400000|100%| S|CS|TS  0|AC  0|TAMS 0x00000006d1300000, 0x00000006d1300000|
| 248|0x00000006d1400000, 0x00000006d1500000, 0x00000006d1500000|100%| S|CS|TS  0|AC  0|TAMS 0x00000006d1400000, 0x00000006d1400000|
| 249|0x00000006d1500000, 0x00000006d1600000, 0x00000006d1600000|100%| E|CS|TS  0|AC  0|TAMS 0x00000006d1500000, 0x00000006d1500000|
| 250|0x00000006d1600000, 0x00000006d1700000, 0x00000006d1700000|100%| E|CS|TS  0|AC  0|TAMS 0x00000006d1600000, 0x00000006d1600000|
| 251|0x00000006d1700000, 0x00000006d1800000, 0x00000006d1800000|100%| E|CS|TS  0|AC  0|TAMS 0x00000006d1700000, 0x00000006d1700000|
| 252|0x00000006d1800000, 0x00000006d1900000, 0x00000006d1900000|100%| E|CS|TS  0|AC  0|TAMS 0x00000006d1800000, 0x00000006d1800000|
| 253|0x00000006d1900000, 0x00000006d1a00000, 0x00000006d1a00000|100%| E|CS|TS  0|AC  0|TAMS 0x00000006d1900000, 0x00000006d1900000|
| 254|0x00000006d1a00000, 0x00000006d1b00000, 0x00000006d1b00000|100%| E|CS|TS  0|AC  0|TAMS 0x00000006d1a00000, 0x00000006d1a00000|
| 255|0x00000006d1b00000, 0x00000006d1c00000, 0x00000006d1c00000|100%| E|CS|TS  0|AC  0|TAMS 0x00000006d1b00000, 0x00000006d1b00000|

Card table byte_map: [0x0000026e37ef0000,0x0000026e386f0000] byte_map_base: 0x0000026e348e2000

Marking Bits (Prev, Next): (CMBitMap*) 0x0000026e40e98398, (CMBitMap*) 0x0000026e40e98360
 Prev Bits: [0x0000026e3ce80000, 0x0000026e40e10000)
 Next Bits: [0x0000026e38ef0000, 0x0000026e3ce80000)

Polling page: 0x0000026e1ec90000

CodeHeap 'non-profiled nmethods': size=120000Kb used=1648Kb max_used=1648Kb free=118351Kb
 bounds [0x0000026e2f730000, 0x0000026e2f9a0000, 0x0000026e36c60000]
CodeHeap 'profiled nmethods': size=120000Kb used=6142Kb max_used=6142Kb free=113857Kb
 bounds [0x0000026e28200000, 0x0000026e28800000, 0x0000026e2f730000]
CodeHeap 'non-nmethods': size=5760Kb used=1357Kb max_used=1405Kb free=4402Kb
 bounds [0x0000026e27c60000, 0x0000026e27ed0000, 0x0000026e28200000]
 total_blobs=4632 nmethods=3155 adapters=703
 compilation: enabled

Compilation events (10 events):
Event: 3.528 Thread 0x0000026e4428a800 nmethod 3142 0x0000026e287f1f10 code [0x0000026e287f20e0, 0x0000026e287f2450]
Event: 3.528 Thread 0x0000026e4428a800 3147       3       com.sun.javafx.sg.prism.NGShape::visualsChanged (26 bytes)
Event: 3.528 Thread 0x0000026e4428a800 nmethod 3147 0x0000026e287f2590 code [0x0000026e287f27a0, 0x0000026e287f2cd0]
Event: 3.528 Thread 0x0000026e4428a800 3148       3       javafx.scene.Node::syncPeer (43 bytes)
Event: 3.529 Thread 0x0000026e4428a800 nmethod 3148 0x0000026e287f2e90 code [0x0000026e287f30a0, 0x0000026e287f3740]
Event: 3.529 Thread 0x0000026e4428a800 3155       3       com.sun.javafx.sg.prism.NGNode::markTreeDirtyNoIncrement (32 bytes)
Event: 3.529 Thread 0x0000026e4428a800 nmethod 3155 0x0000026e287f3990 code [0x0000026e287f3b60, 0x0000026e287f3dd0]
Event: 3.529 Thread 0x0000026e4428a800 3149       3       javafx.scene.Node::doUpdatePeer (361 bytes)
Event: 3.531 Thread 0x0000026e44282800 nmethod 2965 0x0000026e2f8c3a10 code [0x0000026e2f8c3c80, 0x0000026e2f8c4a70]
Event: 3.531 Thread 0x0000026e44282800 3081       4       sun.text.bidi.BidiBase::getCustomizedClass (20 bytes)

GC Heap History (4 events):
Event: 1.690 GC heap before
{Heap before GC invocations=0 (full 0):
 garbage-first heap   total 262144K, used 24576K [0x00000006c1c00000, 0x00000007c0000000)
  region size 1024K, 24 young (24576K), 0 survivors (0K)
 Metaspace       used 16740K, capacity 17192K, committed 17536K, reserved 1064960K
  class space    used 1916K, capacity 2139K, committed 2176K, reserved 1048576K
}
Event: 1.697 GC heap after
{Heap after GC invocations=1 (full 0):
 garbage-first heap   total 262144K, used 4988K [0x00000006c1c00000, 0x00000007c0000000)
  region size 1024K, 3 young (3072K), 3 survivors (3072K)
 Metaspace       used 16740K, capacity 17192K, committed 17536K, reserved 1064960K
  class space    used 1916K, capacity 2139K, committed 2176K, reserved 1048576K
}
Event: 1.963 GC heap before
{Heap before GC invocations=1 (full 0):
 garbage-first heap   total 262144K, used 11132K [0x00000006c1c00000, 0x00000007c0000000)
  region size 1024K, 10 young (10240K), 3 survivors (3072K)
 Metaspace       used 20564K, capacity 21028K, committed 21248K, reserved 1067008K
  class space    used 2509K, capacity 2762K, committed 2816K, reserved 1048576K
}
Event: 1.970 GC heap after
{Heap after GC invocations=2 (full 0):
 garbage-first heap   total 262144K, used 6905K [0x00000006c1c00000, 0x00000007c0000000)
  region size 1024K, 5 young (5120K), 5 survivors (5120K)
 Metaspace       used 20564K, capacity 21028K, committed 21248K, reserved 1067008K
  class space    used 2509K, capacity 2762K, committed 2816K, reserved 1048576K
}

Deoptimization events (10 events):
Event: 3.295 Thread 0x0000026e44bf8000 Uncommon trap: reason=unstable_if action=reinterpret pc=0x0000026e2f82b098 method=javafx.scene.Node.isDirtyEmpty()Z @ 4 c2
Event: 3.297 Thread 0x0000026e44bf8000 Uncommon trap: reason=array_check action=maybe_recompile pc=0x0000026e2f860c8c method=javafx.css.SimpleSelector.applies(Ljavafx/css/Styleable;[Ljava/util/Set;I)Z @ 37 c2
Event: 3.297 Thread 0x0000026e44bf8000 Uncommon trap: reason=array_check action=maybe_recompile pc=0x0000026e2f860c8c method=javafx.css.SimpleSelector.applies(Ljavafx/css/Styleable;[Ljava/util/Set;I)Z @ 37 c2
Event: 3.298 Thread 0x0000026e44bf8000 Uncommon trap: reason=array_check action=maybe_recompile pc=0x0000026e2f860c8c method=javafx.css.SimpleSelector.applies(Ljavafx/css/Styleable;[Ljava/util/Set;I)Z @ 37 c2
Event: 3.298 Thread 0x0000026e44bf8000 Uncommon trap: reason=array_check action=maybe_recompile pc=0x0000026e2f860c8c method=javafx.css.SimpleSelector.applies(Ljavafx/css/Styleable;[Ljava/util/Set;I)Z @ 37 c2
Event: 3.351 Thread 0x0000026e44bf8000 Uncommon trap: reason=unstable_if action=reinterpret pc=0x0000026e2f89059c method=javafx.scene.Node.updateTreeVisible(Z)V @ 92 c2
Event: 3.404 Thread 0x0000026e44bf8000 Uncommon trap: reason=unstable_if action=reinterpret pc=0x0000026e2f7940e4 method=java.lang.StringLatin1.canEncode(I)Z @ 4 c2
Event: 3.404 Thread 0x0000026e44bf8000 Uncommon trap: reason=unstable_if action=reinterpret pc=0x0000026e2f762950 method=java.lang.AbstractStringBuilder.isLatin1()Z @ 10 c2
Event: 3.436 Thread 0x0000026e44bf8000 Uncommon trap: reason=array_check action=maybe_recompile pc=0x0000026e2f8a26a4 method=javafx.css.SimpleSelector.applies(Ljavafx/css/Styleable;[Ljava/util/Set;I)Z @ 37 c2
Event: 3.495 Thread 0x0000026e44bf8000 Uncommon trap: reason=unstable_if action=reinterpret pc=0x0000026e2f8922dc method=java.lang.Math.round(D)J @ 48 c2

Classes redefined (0 events):
No events

Internal exceptions (10 events):
Event: 1.983 Thread 0x0000026e44bf8000 Exception <a 'java/lang/ClassNotFoundException'{0x00000006d1b14940}: com/sun/javafx/scene/control/skin/resources/controls> (0x00000006d1b14940) thrown at [t:/workspace/open/src/hotspot/share/prims/jni.cpp, line 632]
Event: 1.984 Thread 0x0000026e44bf8000 Exception <a 'java/lang/ClassNotFoundException'{0x00000006d1b226d0}: com/sun/javafx/scene/control/skin/resources/controls_en> (0x00000006d1b226d0) thrown at [t:/workspace/open/src/hotspot/share/prims/jni.cpp, line 632]
Event: 1.984 Thread 0x0000026e44bf8000 Exception <a 'java/lang/ClassNotFoundException'{0x00000006d1b23960}: com/sun/javafx/scene/control/skin/resources/controls_en_GB> (0x00000006d1b23960) thrown at [t:/workspace/open/src/hotspot/share/prims/jni.cpp, line 632]
Event: 2.029 Thread 0x0000026e44bf8000 Exception <a 'java/lang/NoSuchMethodError'{0x00000006d1ab14e0}: java.lang.invoke.DirectMethodHandle$Holder.invokeSpecial(Ljava/lang/Object;Ljava/lang/Object;Ljava/lang/Object;Ljava/lang/Object;Ljava/lang/Object;Ljava/lang/Object;)V> (0x00000006d1ab14e0) t
Event: 2.101 Thread 0x0000026e44bf8000 Exception <a 'java/lang/NoSuchMethodError'{0x00000006d181eb60}: method resolution failed> (0x00000006d181eb60) thrown at [t:/workspace/open/src/hotspot/share/prims/methodHandles.cpp, line 1226]
Event: 2.101 Thread 0x0000026e44bf8000 Exception <a 'java/lang/NoSuchMethodError'{0x00000006d1821f50}: java.lang.invoke.DirectMethodHandle$Holder.invokeStaticInit(Ljava/lang/Object;Ljava/lang/Object;Ljava/lang/Object;)J> (0x00000006d1821f50) thrown at [t:/workspace/open/src/hotspot/share/inter
Event: 2.103 Thread 0x0000026e44bf8000 Exception <a 'java/lang/NoSuchMethodError'{0x00000006d1835098}: method resolution failed> (0x00000006d1835098) thrown at [t:/workspace/open/src/hotspot/share/prims/methodHandles.cpp, line 1226]
Event: 2.103 Thread 0x0000026e44bf8000 Exception <a 'java/lang/NoSuchMethodError'{0x00000006d183b4e8}: java.lang.invoke.DirectMethodHandle$Holder.invokeStatic(Ljava/lang/Object;Ljava/lang/Object;J)Ljava/lang/Object;> (0x00000006d183b4e8) thrown at [t:/workspace/open/src/hotspot/share/interpret
Event: 2.103 Thread 0x0000026e44bf8000 Exception <a 'java/lang/NoSuchMethodError'{0x00000006d183ec10}: method resolution failed> (0x00000006d183ec10) thrown at [t:/workspace/open/src/hotspot/share/prims/methodHandles.cpp, line 1226]
Event: 2.982 Thread 0x0000026e44999800 Exception <a 'java/lang/NoSuchMethodError'{0x00000006d0884328}: java.lang.invoke.DirectMethodHandle$Holder.invokeStaticInit(Ljava/lang/Object;Ljava/lang/Object;)I> (0x00000006d0884328) thrown at [t:/workspace/open/src/hotspot/share/interpreter/linkResolve

Events (10 events):
Event: 3.508 loading class sun/text/CompactByteArray
Event: 3.508 loading class sun/text/CompactByteArray done
Event: 3.508 loading class sun/text/SupplementaryCharacterData
Event: 3.508 loading class sun/text/SupplementaryCharacterData done
Event: 3.508 loading class java/text/BreakIterator$BreakIteratorCache
Event: 3.508 loading class java/text/BreakIterator$BreakIteratorCache done
Event: 3.529 Executing VM operation: RevokeBias
Event: 3.530 Executing VM operation: RevokeBias done
Event: 3.530 Executing VM operation: RevokeBias
Event: 3.530 Executing VM operation: RevokeBias done


Dynamic libraries:
0x00007ff638ed0000 - 0x00007ff638f0e000 	C:\Program Files\Java\jre-10.0.2\bin\javaw.exe
0x00007ff9ac4b0000 - 0x00007ff9ac69d000 	C:\WINDOWS\SYSTEM32\ntdll.dll
0x00007ff97f180000 - 0x00007ff97f192000 	C:\Program Files\AVG\Antivirus\aswhook.dll
0x00007ff9abd90000 - 0x00007ff9abe43000 	C:\WINDOWS\System32\KERNEL32.DLL
0x00007ff9a8630000 - 0x00007ff9a88c3000 	C:\WINDOWS\System32\KERNELBASE.dll
0x00007ff9ac050000 - 0x00007ff9ac0f3000 	C:\WINDOWS\System32\ADVAPI32.dll
0x00007ff9ab810000 - 0x00007ff9ab8ae000 	C:\WINDOWS\System32\msvcrt.dll
0x00007ff9ac100000 - 0x00007ff9ac19e000 	C:\WINDOWS\System32\sechost.dll
0x00007ff9ab6e0000 - 0x00007ff9ab802000 	C:\WINDOWS\System32\RPCRT4.dll
0x00007ff9abe50000 - 0x00007ff9abfe7000 	C:\WINDOWS\System32\USER32.dll
0x00007ff9a8bd0000 - 0x00007ff9a8bf0000 	C:\WINDOWS\System32\win32u.dll
0x00007ff9ab6b0000 - 0x00007ff9ab6d9000 	C:\WINDOWS\System32\GDI32.dll
0x00007ff9a89a0000 - 0x00007ff9a8b3a000 	C:\WINDOWS\System32\gdi32full.dll
0x00007ff9a9460000 - 0x00007ff9a9500000 	C:\WINDOWS\System32\msvcp_win.dll
0x00007ff9a8bf0000 - 0x00007ff9a8cea000 	C:\WINDOWS\System32\ucrtbase.dll
0x00007ff999a80000 - 0x00007ff999cf9000 	C:\WINDOWS\WinSxS\amd64_microsoft.windows.common-controls_6595b64144ccf1df_6.0.17763.437_none_05b63dca071e5dd6\COMCTL32.dll
0x00007ff9ab140000 - 0x00007ff9ab46c000 	C:\WINDOWS\System32\combase.dll
0x00007ff9a88d0000 - 0x00007ff9a894e000 	C:\WINDOWS\System32\bcryptPrimitives.dll
0x00007ff99d660000 - 0x00007ff99d66a000 	C:\WINDOWS\SYSTEM32\VERSION.dll
0x00007ff9aafd0000 - 0x00007ff9aaffe000 	C:\WINDOWS\System32\IMM32.DLL
0x00007ff9820b0000 - 0x00007ff98219f000 	C:\Program Files\Java\jre-10.0.2\bin\msvcr120.dll
0x00007ff9a4dc0000 - 0x00007ff9a4e66000 	C:\Program Files\Java\jre-10.0.2\bin\msvcp120.dll
0x000000006d4f0000 - 0x000000006df60000 	C:\Program Files\Java\jre-10.0.2\bin\server\jvm.dll
0x00007ff9aafc0000 - 0x00007ff9aafc8000 	C:\WINDOWS\System32\PSAPI.DLL
0x00007ff9921b0000 - 0x00007ff9921b9000 	C:\WINDOWS\SYSTEM32\WSOCK32.dll
0x00007ff9ac410000 - 0x00007ff9ac47d000 	C:\WINDOWS\System32\WS2_32.dll
0x00007ff9a6550000 - 0x00007ff9a6574000 	C:\WINDOWS\SYSTEM32\WINMM.dll
0x00007ff9a60c0000 - 0x00007ff9a60ed000 	C:\WINDOWS\SYSTEM32\WINMMBASE.dll
0x00007ff9a8950000 - 0x00007ff9a899a000 	C:\WINDOWS\System32\cfgmgr32.dll
0x00007ff9a6740000 - 0x00007ff9a674f000 	C:\Program Files\Java\jre-10.0.2\bin\verify.dll
0x00007ff98f6a0000 - 0x00007ff98f88d000 	C:\WINDOWS\SYSTEM32\DBGHELP.DLL
0x00007ff98f610000 - 0x00007ff98f63a000 	C:\WINDOWS\SYSTEM32\dbgcore.DLL
0x00007ff9a50d0000 - 0x00007ff9a50f7000 	C:\Program Files\Java\jre-10.0.2\bin\java.dll
0x00007ff9a4da0000 - 0x00007ff9a4db6000 	C:\Program Files\Java\jre-10.0.2\bin\zip.dll
0x00007ff9a6730000 - 0x00007ff9a673a000 	C:\Program Files\Java\jre-10.0.2\bin\jimage.dll
0x00007ff9a9ad0000 - 0x00007ff9aafc0000 	C:\WINDOWS\System32\SHELL32.dll
0x00007ff9ac300000 - 0x00007ff9ac3a8000 	C:\WINDOWS\System32\shcore.dll
0x00007ff9a8cf0000 - 0x00007ff9a943a000 	C:\WINDOWS\System32\windows.storage.dll
0x00007ff9a84f0000 - 0x00007ff9a8514000 	C:\WINDOWS\System32\profapi.dll
0x00007ff9a8520000 - 0x00007ff9a857d000 	C:\WINDOWS\System32\powrprof.dll
0x00007ff9abff0000 - 0x00007ff9ac042000 	C:\WINDOWS\System32\shlwapi.dll
0x00007ff9a84b0000 - 0x00007ff9a84c1000 	C:\WINDOWS\System32\kernel.appcore.dll
0x00007ff9a9440000 - 0x00007ff9a9457000 	C:\WINDOWS\System32\cryptsp.dll
0x00007ff9a1600000 - 0x00007ff9a161a000 	C:\Program Files\Java\jre-10.0.2\bin\net.dll
0x00007ff99c3c0000 - 0x00007ff99c4b1000 	C:\WINDOWS\SYSTEM32\WINHTTP.dll
0x00007ff9a7d30000 - 0x00007ff9a7d97000 	C:\WINDOWS\system32\mswsock.dll
0x00007ff99e3e0000 - 0x00007ff99e3f1000 	C:\Program Files\Java\jre-10.0.2\bin\nio.dll
0x0000026e44ea0000 - 0x0000026e44ea3000 	C:\Program Files\Java\jre-10.0.2\bin\api-ms-win-core-console-l1-1-0.dll
0x0000026e44eb0000 - 0x0000026e44eb3000 	C:\Program Files\Java\jre-10.0.2\bin\api-ms-win-core-datetime-l1-1-0.dll
0x0000026e44ec0000 - 0x0000026e44ec3000 	C:\Program Files\Java\jre-10.0.2\bin\api-ms-win-core-debug-l1-1-0.dll
0x0000026e44ed0000 - 0x0000026e44ed3000 	C:\Program Files\Java\jre-10.0.2\bin\api-ms-win-core-errorhandling-l1-1-0.dll
0x0000026e44ee0000 - 0x0000026e44ee4000 	C:\Program Files\Java\jre-10.0.2\bin\api-ms-win-core-file-l1-1-0.dll
0x0000026e44ef0000 - 0x0000026e44ef3000 	C:\Program Files\Java\jre-10.0.2\bin\api-ms-win-core-file-l1-2-0.dll
0x0000026e44f00000 - 0x0000026e44f03000 	C:\Program Files\Java\jre-10.0.2\bin\api-ms-win-core-file-l2-1-0.dll
0x0000026e44f10000 - 0x0000026e44f13000 	C:\Program Files\Java\jre-10.0.2\bin\api-ms-win-core-handle-l1-1-0.dll
0x0000026e44f20000 - 0x0000026e44f23000 	C:\Program Files\Java\jre-10.0.2\bin\api-ms-win-core-heap-l1-1-0.dll
0x0000026e44f30000 - 0x0000026e44f33000 	C:\Program Files\Java\jre-10.0.2\bin\api-ms-win-core-interlocked-l1-1-0.dll
0x0000026e44f40000 - 0x0000026e44f43000 	C:\Program Files\Java\jre-10.0.2\bin\api-ms-win-core-libraryloader-l1-1-0.dll
0x0000026e44f50000 - 0x0000026e44f53000 	C:\Program Files\Java\jre-10.0.2\bin\api-ms-win-core-localization-l1-2-0.dll
0x0000026e44f60000 - 0x0000026e44f63000 	C:\Program Files\Java\jre-10.0.2\bin\api-ms-win-core-memory-l1-1-0.dll
0x0000026e44f70000 - 0x0000026e44f73000 	C:\Program Files\Java\jre-10.0.2\bin\api-ms-win-core-namedpipe-l1-1-0.dll
0x0000026e44f80000 - 0x0000026e44f83000 	C:\Program Files\Java\jre-10.0.2\bin\api-ms-win-core-processenvironment-l1-1-0.dll
0x0000026e44f90000 - 0x0000026e44f93000 	C:\Program Files\Java\jre-10.0.2\bin\api-ms-win-core-processthreads-l1-1-0.dll
0x0000026e44fa0000 - 0x0000026e44fa3000 	C:\Program Files\Java\jre-10.0.2\bin\api-ms-win-core-processthreads-l1-1-1.dll
0x0000026e44fb0000 - 0x0000026e44fb3000 	C:\Program Files\Java\jre-10.0.2\bin\api-ms-win-core-profile-l1-1-0.dll
0x0000026e44fc0000 - 0x0000026e44fc3000 	C:\Program Files\Java\jre-10.0.2\bin\api-ms-win-core-rtlsupport-l1-1-0.dll
0x0000026e44fd0000 - 0x0000026e44fd3000 	C:\Program Files\Java\jre-10.0.2\bin\api-ms-win-core-string-l1-1-0.dll
0x0000026e44fe0000 - 0x0000026e44fe3000 	C:\Program Files\Java\jre-10.0.2\bin\api-ms-win-core-synch-l1-1-0.dll
0x0000026e44ff0000 - 0x0000026e44ff3000 	C:\Program Files\Java\jre-10.0.2\bin\api-ms-win-core-synch-l1-2-0.dll
0x0000026e45000000 - 0x0000026e45003000 	C:\Program Files\Java\jre-10.0.2\bin\api-ms-win-core-sysinfo-l1-1-0.dll
0x0000026e45010000 - 0x0000026e45013000 	C:\Program Files\Java\jre-10.0.2\bin\api-ms-win-core-timezone-l1-1-0.dll
0x0000026e45020000 - 0x0000026e45023000 	C:\Program Files\Java\jre-10.0.2\bin\api-ms-win-core-util-l1-1-0.dll
0x0000026e45030000 - 0x0000026e45033000 	C:\Program Files\Java\jre-10.0.2\bin\api-ms-win-crt-conio-l1-1-0.dll
0x0000026e45040000 - 0x0000026e45044000 	C:\Program Files\Java\jre-10.0.2\bin\api-ms-win-crt-convert-l1-1-0.dll
0x0000026e45050000 - 0x0000026e45053000 	C:\Program Files\Java\jre-10.0.2\bin\api-ms-win-crt-environment-l1-1-0.dll
0x0000026e45060000 - 0x0000026e45063000 	C:\Program Files\Java\jre-10.0.2\bin\api-ms-win-crt-filesystem-l1-1-0.dll
0x0000026e45070000 - 0x0000026e45073000 	C:\Program Files\Java\jre-10.0.2\bin\api-ms-win-crt-heap-l1-1-0.dll
0x0000026e45080000 - 0x0000026e45083000 	C:\Program Files\Java\jre-10.0.2\bin\api-ms-win-crt-locale-l1-1-0.dll
0x0000026e45090000 - 0x0000026e45095000 	C:\Program Files\Java\jre-10.0.2\bin\api-ms-win-crt-math-l1-1-0.dll
0x0000026e450a0000 - 0x0000026e450a5000 	C:\Program Files\Java\jre-10.0.2\bin\api-ms-win-crt-multibyte-l1-1-0.dll
0x0000026e450b0000 - 0x0000026e450c0000 	C:\Program Files\Java\jre-10.0.2\bin\api-ms-win-crt-private-l1-1-0.dll
0x0000026e450c0000 - 0x0000026e450c3000 	C:\Program Files\Java\jre-10.0.2\bin\api-ms-win-crt-process-l1-1-0.dll
0x0000026e450d0000 - 0x0000026e450d4000 	C:\Program Files\Java\jre-10.0.2\bin\api-ms-win-crt-runtime-l1-1-0.dll
0x0000026e450e0000 - 0x0000026e450e4000 	C:\Program Files\Java\jre-10.0.2\bin\api-ms-win-crt-stdio-l1-1-0.dll
0x0000026e450f0000 - 0x0000026e450f4000 	C:\Program Files\Java\jre-10.0.2\bin\api-ms-win-crt-string-l1-1-0.dll
0x0000026e45100000 - 0x0000026e45103000 	C:\Program Files\Java\jre-10.0.2\bin\api-ms-win-crt-time-l1-1-0.dll
0x0000026e45110000 - 0x0000026e45113000 	C:\Program Files\Java\jre-10.0.2\bin\api-ms-win-crt-utility-l1-1-0.dll
0x00007ff981fb0000 - 0x00007ff9820a6000 	C:\Program Files\Java\jre-10.0.2\bin\ucrtbase.dll
0x00007ff99aea0000 - 0x00007ff99aeb6000 	C:\Program Files\Java\jre-10.0.2\bin\vcruntime140.dll
0x00007ff9803c0000 - 0x00007ff98045c000 	C:\Program Files\Java\jre-10.0.2\bin\msvcp140.dll
0x00007ff995a60000 - 0x00007ff995ab1000 	C:\Program Files\Java\jre-10.0.2\bin\concrt140.dll
0x00007ff9981f0000 - 0x00007ff998213000 	C:\Program Files\Java\jre-10.0.2\bin\prism_d3d.dll
0x00007ff96d4d0000 - 0x00007ff96d66e000 	C:\WINDOWS\system32\d3d9.dll
0x00007ff9a6ba0000 - 0x00007ff9a6bce000 	C:\WINDOWS\SYSTEM32\dwmapi.dll
0x00007ff9a9500000 - 0x00007ff9a96db000 	C:\WINDOWS\System32\CRYPT32.dll
0x00007ff9a84d0000 - 0x00007ff9a84e2000 	C:\WINDOWS\System32\MSASN1.dll
0x00007ff9a6ad0000 - 0x00007ff9a6b6c000 	C:\WINDOWS\system32\uxtheme.dll
0x00007ff94f6b0000 - 0x00007ff94f922000 	C:\WINDOWS\System32\DriverStore\FileRepository\igdlh64.inf_amd64_24de78387e6208e4\igdumdim64.dll
0x00007ff948d60000 - 0x00007ff94c257000 	C:\WINDOWS\System32\DriverStore\FileRepository\igdlh64.inf_amd64_24de78387e6208e4\igd9dxva64.dll
0x00007ff9ac1a0000 - 0x00007ff9ac2f5000 	C:\WINDOWS\System32\ole32.dll
0x00007ff9a96e0000 - 0x00007ff9a97a4000 	C:\WINDOWS\System32\OLEAUT32.dll
0x00007ff994e70000 - 0x00007ff994eba000 	C:\Program Files\Java\jre-10.0.2\bin\glass.dll
0x00007ff9a9920000 - 0x00007ff9a9a47000 	C:\WINDOWS\System32\COMDLG32.dll
0x00007ff9a97b0000 - 0x00007ff9a991a000 	C:\WINDOWS\System32\MSCTF.dll
0x00007ff969110000 - 0x00007ff969131000 	C:\WINDOWS\System32\DriverStore\FileRepository\igdlh64.inf_amd64_24de78387e6208e4\igdinfo64.dll
0x00007ff99efd0000 - 0x00007ff9a0f35000 	C:\WINDOWS\System32\DriverStore\FileRepository\igdlh64.inf_amd64_24de78387e6208e4\igc64.dll
0x00007ff9a7a70000 - 0x00007ff9a7b36000 	C:\WINDOWS\SYSTEM32\DNSAPI.dll
0x00007ff9ab130000 - 0x00007ff9ab138000 	C:\WINDOWS\System32\NSI.dll
0x00007ff9a7a30000 - 0x00007ff9a7a6d000 	C:\WINDOWS\SYSTEM32\IPHLPAPI.DLL
0x00007ff994320000 - 0x00007ff99432a000 	C:\Windows\System32\rasadhlp.dll
0x00007ff99c340000 - 0x00007ff99c3b9000 	C:\WINDOWS\System32\fwpuclnt.dll
0x00007ff9a8ba0000 - 0x00007ff9a8bc6000 	C:\WINDOWS\System32\bcrypt.dll
0x00007ff994e30000 - 0x00007ff994e44000 	C:\Program Files\Java\jre-10.0.2\bin\javafx_font.dll
0x00007ff948bc0000 - 0x00007ff948d5b000 	C:\Program Files\Java\jre-10.0.2\bin\awt.dll
0x00007ff9a5930000 - 0x00007ff9a5eee000 	C:\WINDOWS\SYSTEM32\d2d1.dll
0x00007ff9a6780000 - 0x00007ff9a680c000 	C:\WINDOWS\SYSTEM32\apphelp.dll
0x00007ff977fb0000 - 0x00007ff978015000 	C:\Program Files\Java\jre-10.0.2\bin\fontmanager.dll
0x00007ff996660000 - 0x00007ff99695f000 	C:\WINDOWS\SYSTEM32\dwrite.dll
0x00007ff9ab000000 - 0x00007ff9ab0a2000 	C:\WINDOWS\System32\clbcatq.dll
0x00007ff9a3d70000 - 0x00007ff9a3f28000 	C:\WINDOWS\SYSTEM32\WindowsCodecs.dll
0x00007ff994290000 - 0x00007ff9942e6000 	C:\WINDOWS\system32\dataexchange.dll
0x00007ff9a56b0000 - 0x00007ff9a592e000 	C:\WINDOWS\system32\d3d11.dll
0x00007ff9a5ef0000 - 0x00007ff9a60b3000 	C:\WINDOWS\system32\dcomp.dll
0x00007ff9a7230000 - 0x00007ff9a72f2000 	C:\WINDOWS\system32\dxgi.dll
0x00007ff9a6bd0000 - 0x00007ff9a6ddd000 	C:\WINDOWS\system32\twinapi.appcore.dll
0x00007ff9a6e90000 - 0x00007ff9a6eb8000 	C:\WINDOWS\system32\RMCLIENT.dll
0x00007ff992b10000 - 0x00007ff992b43000 	C:\Program Files\Common Files\Microsoft Shared\Ink\rtscom.dll
0x00007ff998540000 - 0x00007ff9985d5000 	C:\WINDOWS\System32\TextInputFramework.dll

dbghelp: loaded successfully - version: 4.0.5 - missing functions: none
symbol engine: initialized successfully - sym options: 0x614 - pdb path: .;C:\Program Files\Java\jre-10.0.2\bin;C:\WINDOWS\SYSTEM32;C:\Program Files\AVG\Antivirus;C:\WINDOWS\WinSxS\amd64_microsoft.windows.common-controls_6595b64144ccf1df_6.0.17763.437_none_05b63dca071e5dd6;C:\Program Files\Java\jre-10.0.2\bin\server;C:\WINDOWS\System32\DriverStore\FileRepository\igdlh64.inf_amd64_24de78387e6208e4;C:\Program Files\Common Files\Microsoft Shared\Ink

VM Arguments:
jvm_args: -Dfile.encoding=Cp1252 --module-path=C:\Users\Tom Laptop\eclipse-workspace\Sagrada SOaS\lib\mysql-connector-java-8.0.15.jar 
java_command: controllers.MainApplication
java_class_path (initial): C:\Users\Tom Laptop\eclipse-workspace\Sagrada SOaS\bin
Launcher Type: SUN_STANDARD

Logging:
Log output configuration:
#0: stdout all=warning uptime,level,tags
#1: stderr all=off uptime,level,tags

Environment Variables:
PATH=C:\Program Files (x86)\NVIDIA Corporation\PhysX\Common;C:\Program Files (x86)\Common Files\Oracle\Java\javapath;C:\WINDOWS\system32;C:\WINDOWS;C:\WINDOWS\System32\Wbem;C:\WINDOWS\System32\WindowsPowerShell\v1.0\;C:\WINDOWS\System32\OpenSSH\;C:\Users\Tom Laptop\AppData\Local\Microsoft\WindowsApps;C:\Users\Tom Laptop\AppData\Local\atom\bin;C:\Users\Tom Laptop\AppData\Local\GitHubDesktop\bin;%USERPROFILE%\AppData\Local\Microsoft\WindowsApps;
USERNAME=Tom Laptop
OS=Windows_NT
PROCESSOR_IDENTIFIER=Intel64 Family 6 Model 142 Stepping 10, GenuineIntel



---------------  S Y S T E M  ---------------

OS: Windows 10 , 64 bit Build 17763 (10.0.17763.437)

CPU:total 8 (initial active 8) (4 cores per cpu, 2 threads per core) family 6 model 142 stepping 10, cmov, cx8, fxsr, mmx, sse, sse2, sse3, ssse3, sse4.1, sse4.2, popcnt, avx, avx2, aes, clmul, erms, 3dnowpref, lzcnt, ht, tsc, tscinvbit, bmi1, bmi2, adx, fma

Memory: 4k page, physical 16657212k(9547768k free), swap 19147580k(9598656k free)

vm_info: Java HotSpot(TM) 64-Bit Server VM (10.0.2+13) for windows-amd64 JRE (10.0.2+13), built on Jun 28 2018 01:57:56 by "mach5one" with MS VC++ 12.0 (VS2013)

END.
